CRITICAL - 2022-02-27 00:14:47 --> {field}  harus diisi. is not a valid rule.
#0 C:\xampp\htdocs\mikaskada\vendor\codeigniter4\framework\system\Validation\Validation.php(300): CodeIgniter\Validation\Exceptions\ValidationException::forRuleNotFound('{field}  harus ...')
#1 C:\xampp\htdocs\mikaskada\vendor\codeigniter4\framework\system\Validation\Validation.php(157): CodeIgniter\Validation\Validation->processRules('errors', 'errors', NULL, Array, Array)
#2 C:\xampp\htdocs\mikaskada\vendor\codeigniter4\framework\system\Controller.php(160): CodeIgniter\Validation\Validation->run()
#3 C:\xampp\htdocs\mikaskada\app\Controllers\Users.php(25): CodeIgniter\Controller->validate(Array)
#4 C:\xampp\htdocs\mikaskada\vendor\codeigniter4\framework\system\CodeIgniter.php(825): App\Controllers\Users->insertdaftar()
#5 C:\xampp\htdocs\mikaskada\vendor\codeigniter4\framework\system\CodeIgniter.php(412): CodeIgniter\CodeIgniter->runController(Object(App\Controllers\Users))
#6 C:\xampp\htdocs\mikaskada\vendor\codeigniter4\framework\system\CodeIgniter.php(320): CodeIgniter\CodeIgniter->handleRequest(NULL, Object(Config\Cache), false)
#7 C:\xampp\htdocs\mikaskada\public\index.php(37): CodeIgniter\CodeIgniter->run()
#8 C:\xampp\htdocs\mikaskada\vendor\codeigniter4\framework\system\Commands\Server\rewrite.php(43): require_once('C:\\xampp\\htdocs...')
#9 {main}
CRITICAL - 2022-02-27 00:17:16 --> {field}  harus diisi. is not a valid rule.
#0 C:\xampp\htdocs\mikaskada\vendor\codeigniter4\framework\system\Validation\Validation.php(300): CodeIgniter\Validation\Exceptions\ValidationException::forRuleNotFound('{field}  harus ...')
#1 C:\xampp\htdocs\mikaskada\vendor\codeigniter4\framework\system\Validation\Validation.php(157): CodeIgniter\Validation\Validation->processRules('errors', 'errors', NULL, Array, Array)
#2 C:\xampp\htdocs\mikaskada\vendor\codeigniter4\framework\system\Controller.php(160): CodeIgniter\Validation\Validation->run()
#3 C:\xampp\htdocs\mikaskada\app\Controllers\Users.php(25): CodeIgniter\Controller->validate(Array)
#4 C:\xampp\htdocs\mikaskada\vendor\codeigniter4\framework\system\CodeIgniter.php(825): App\Controllers\Users->insertdaftar()
#5 C:\xampp\htdocs\mikaskada\vendor\codeigniter4\framework\system\CodeIgniter.php(412): CodeIgniter\CodeIgniter->runController(Object(App\Controllers\Users))
#6 C:\xampp\htdocs\mikaskada\vendor\codeigniter4\framework\system\CodeIgniter.php(320): CodeIgniter\CodeIgniter->handleRequest(NULL, Object(Config\Cache), false)
#7 C:\xampp\htdocs\mikaskada\public\index.php(37): CodeIgniter\CodeIgniter->run()
#8 C:\xampp\htdocs\mikaskada\vendor\codeigniter4\framework\system\Commands\Server\rewrite.php(43): require_once('C:\\xampp\\htdocs...')
#9 {main}
CRITICAL - 2022-02-27 00:19:53 --> {field}  harus diisi. is not a valid rule.
#0 C:\xampp\htdocs\mikaskada\vendor\codeigniter4\framework\system\Validation\Validation.php(300): CodeIgniter\Validation\Exceptions\ValidationException::forRuleNotFound('{field}  harus ...')
#1 C:\xampp\htdocs\mikaskada\vendor\codeigniter4\framework\system\Validation\Validation.php(157): CodeIgniter\Validation\Validation->processRules('errors', 'errors', NULL, Array, Array)
#2 C:\xampp\htdocs\mikaskada\vendor\codeigniter4\framework\system\Controller.php(160): CodeIgniter\Validation\Validation->run()
#3 C:\xampp\htdocs\mikaskada\app\Controllers\Users.php(25): CodeIgniter\Controller->validate(Array)
#4 C:\xampp\htdocs\mikaskada\vendor\codeigniter4\framework\system\CodeIgniter.php(825): App\Controllers\Users->insertdaftar()
#5 C:\xampp\htdocs\mikaskada\vendor\codeigniter4\framework\system\CodeIgniter.php(412): CodeIgniter\CodeIgniter->runController(Object(App\Controllers\Users))
#6 C:\xampp\htdocs\mikaskada\vendor\codeigniter4\framework\system\CodeIgniter.php(320): CodeIgniter\CodeIgniter->handleRequest(NULL, Object(Config\Cache), false)
#7 C:\xampp\htdocs\mikaskada\public\index.php(37): CodeIgniter\CodeIgniter->run()
#8 C:\xampp\htdocs\mikaskada\vendor\codeigniter4\framework\system\Commands\Server\rewrite.php(43): require_once('C:\\xampp\\htdocs...')
#9 {main}
CRITICAL - 2022-02-27 00:20:09 --> {field}  harus diisi. is not a valid rule.
#0 C:\xampp\htdocs\mikaskada\vendor\codeigniter4\framework\system\Validation\Validation.php(300): CodeIgniter\Validation\Exceptions\ValidationException::forRuleNotFound('{field}  harus ...')
#1 C:\xampp\htdocs\mikaskada\vendor\codeigniter4\framework\system\Validation\Validation.php(157): CodeIgniter\Validation\Validation->processRules('errors', 'errors', NULL, Array, Array)
#2 C:\xampp\htdocs\mikaskada\vendor\codeigniter4\framework\system\Controller.php(160): CodeIgniter\Validation\Validation->run()
#3 C:\xampp\htdocs\mikaskada\app\Controllers\Users.php(25): CodeIgniter\Controller->validate(Array)
#4 C:\xampp\htdocs\mikaskada\vendor\codeigniter4\framework\system\CodeIgniter.php(825): App\Controllers\Users->insertdaftar()
#5 C:\xampp\htdocs\mikaskada\vendor\codeigniter4\framework\system\CodeIgniter.php(412): CodeIgniter\CodeIgniter->runController(Object(App\Controllers\Users))
#6 C:\xampp\htdocs\mikaskada\vendor\codeigniter4\framework\system\CodeIgniter.php(320): CodeIgniter\CodeIgniter->handleRequest(NULL, Object(Config\Cache), false)
#7 C:\xampp\htdocs\mikaskada\public\index.php(37): CodeIgniter\CodeIgniter->run()
#8 C:\xampp\htdocs\mikaskada\vendor\codeigniter4\framework\system\Commands\Server\rewrite.php(43): require_once('C:\\xampp\\htdocs...')
#9 {main}
