CRITICAL - 2022-02-26 07:23:37 --> Call to undefined function App\Controllers\set()
#0 C:\xampp\htdocs\mikaskada\vendor\codeigniter4\framework\system\CodeIgniter.php(825): App\Controllers\Users->insertlogin()
#1 C:\xampp\htdocs\mikaskada\vendor\codeigniter4\framework\system\CodeIgniter.php(412): CodeIgniter\CodeIgniter->runController(Object(App\Controllers\Users))
#2 C:\xampp\htdocs\mikaskada\vendor\codeigniter4\framework\system\CodeIgniter.php(320): CodeIgniter\CodeIgniter->handleRequest(NULL, Object(Config\Cache), false)
#3 C:\xampp\htdocs\mikaskada\public\index.php(37): CodeIgniter\CodeIgniter->run()
#4 C:\xampp\htdocs\mikaskada\vendor\codeigniter4\framework\system\Commands\Server\rewrite.php(43): require_once('C:\\xampp\\htdocs...')
#5 {main}
CRITICAL - 2022-02-26 07:24:38 --> Undefined index: nama_pengguna
#0 C:\xampp\htdocs\mikaskada\app\Views\sudahlogin\index.php(12): CodeIgniter\Debug\Exceptions->errorHandler(8, 'Undefined index...', 'C:\\xampp\\htdocs...', 12, Array)
#1 C:\xampp\htdocs\mikaskada\vendor\codeigniter4\framework\system\View\View.php(210): include('C:\\xampp\\htdocs...')
#2 C:\xampp\htdocs\mikaskada\vendor\codeigniter4\framework\system\View\View.php(213): CodeIgniter\View\View->CodeIgniter\View\{closure}()
#3 C:\xampp\htdocs\mikaskada\vendor\codeigniter4\framework\system\Common.php(1089): CodeIgniter\View\View->render('sudahlogin/inde...', Array, true)
#4 C:\xampp\htdocs\mikaskada\app\Controllers\SudahLogin.php(19): view('sudahlogin/inde...', Array)
#5 C:\xampp\htdocs\mikaskada\vendor\codeigniter4\framework\system\CodeIgniter.php(825): App\Controllers\SudahLogin->index()
#6 C:\xampp\htdocs\mikaskada\vendor\codeigniter4\framework\system\CodeIgniter.php(412): CodeIgniter\CodeIgniter->runController(Object(App\Controllers\SudahLogin))
#7 C:\xampp\htdocs\mikaskada\vendor\codeigniter4\framework\system\CodeIgniter.php(320): CodeIgniter\CodeIgniter->handleRequest(NULL, Object(Config\Cache), false)
#8 C:\xampp\htdocs\mikaskada\public\index.php(37): CodeIgniter\CodeIgniter->run()
#9 C:\xampp\htdocs\mikaskada\vendor\codeigniter4\framework\system\Commands\Server\rewrite.php(43): require_once('C:\\xampp\\htdocs...')
#10 {main}
CRITICAL - 2022-02-26 07:28:10 --> Undefined index: nama_pengguna
#0 C:\xampp\htdocs\mikaskada\app\Views\sudahlogin\index.php(12): CodeIgniter\Debug\Exceptions->errorHandler(8, 'Undefined index...', 'C:\\xampp\\htdocs...', 12, Array)
#1 C:\xampp\htdocs\mikaskada\vendor\codeigniter4\framework\system\View\View.php(210): include('C:\\xampp\\htdocs...')
#2 C:\xampp\htdocs\mikaskada\vendor\codeigniter4\framework\system\View\View.php(213): CodeIgniter\View\View->CodeIgniter\View\{closure}()
#3 C:\xampp\htdocs\mikaskada\vendor\codeigniter4\framework\system\Common.php(1089): CodeIgniter\View\View->render('sudahlogin/inde...', Array, true)
#4 C:\xampp\htdocs\mikaskada\app\Controllers\SudahLogin.php(19): view('sudahlogin/inde...', Array)
#5 C:\xampp\htdocs\mikaskada\vendor\codeigniter4\framework\system\CodeIgniter.php(825): App\Controllers\SudahLogin->index()
#6 C:\xampp\htdocs\mikaskada\vendor\codeigniter4\framework\system\CodeIgniter.php(412): CodeIgniter\CodeIgniter->runController(Object(App\Controllers\SudahLogin))
#7 C:\xampp\htdocs\mikaskada\vendor\codeigniter4\framework\system\CodeIgniter.php(320): CodeIgniter\CodeIgniter->handleRequest(NULL, Object(Config\Cache), false)
#8 C:\xampp\htdocs\mikaskada\public\index.php(37): CodeIgniter\CodeIgniter->run()
#9 C:\xampp\htdocs\mikaskada\vendor\codeigniter4\framework\system\Commands\Server\rewrite.php(43): require_once('C:\\xampp\\htdocs...')
#10 {main}
CRITICAL - 2022-02-26 07:28:39 --> Undefined index: nama_pengguna
#0 C:\xampp\htdocs\mikaskada\app\Views\sudahlogin\index.php(12): CodeIgniter\Debug\Exceptions->errorHandler(8, 'Undefined index...', 'C:\\xampp\\htdocs...', 12, Array)
#1 C:\xampp\htdocs\mikaskada\vendor\codeigniter4\framework\system\View\View.php(210): include('C:\\xampp\\htdocs...')
#2 C:\xampp\htdocs\mikaskada\vendor\codeigniter4\framework\system\View\View.php(213): CodeIgniter\View\View->CodeIgniter\View\{closure}()
#3 C:\xampp\htdocs\mikaskada\vendor\codeigniter4\framework\system\Common.php(1089): CodeIgniter\View\View->render('sudahlogin/inde...', Array, true)
#4 C:\xampp\htdocs\mikaskada\app\Controllers\SudahLogin.php(19): view('sudahlogin/inde...', Array)
#5 C:\xampp\htdocs\mikaskada\vendor\codeigniter4\framework\system\CodeIgniter.php(825): App\Controllers\SudahLogin->index()
#6 C:\xampp\htdocs\mikaskada\vendor\codeigniter4\framework\system\CodeIgniter.php(412): CodeIgniter\CodeIgniter->runController(Object(App\Controllers\SudahLogin))
#7 C:\xampp\htdocs\mikaskada\vendor\codeigniter4\framework\system\CodeIgniter.php(320): CodeIgniter\CodeIgniter->handleRequest(NULL, Object(Config\Cache), false)
#8 C:\xampp\htdocs\mikaskada\public\index.php(37): CodeIgniter\CodeIgniter->run()
#9 C:\xampp\htdocs\mikaskada\vendor\codeigniter4\framework\system\Commands\Server\rewrite.php(43): require_once('C:\\xampp\\htdocs...')
#10 {main}
CRITICAL - 2022-02-26 07:28:49 --> Undefined index: nama_pengguna
#0 C:\xampp\htdocs\mikaskada\app\Views\sudahlogin\index.php(12): CodeIgniter\Debug\Exceptions->errorHandler(8, 'Undefined index...', 'C:\\xampp\\htdocs...', 12, Array)
#1 C:\xampp\htdocs\mikaskada\vendor\codeigniter4\framework\system\View\View.php(210): include('C:\\xampp\\htdocs...')
#2 C:\xampp\htdocs\mikaskada\vendor\codeigniter4\framework\system\View\View.php(213): CodeIgniter\View\View->CodeIgniter\View\{closure}()
#3 C:\xampp\htdocs\mikaskada\vendor\codeigniter4\framework\system\Common.php(1089): CodeIgniter\View\View->render('sudahlogin/inde...', Array, true)
#4 C:\xampp\htdocs\mikaskada\app\Controllers\SudahLogin.php(19): view('sudahlogin/inde...', Array)
#5 C:\xampp\htdocs\mikaskada\vendor\codeigniter4\framework\system\CodeIgniter.php(825): App\Controllers\SudahLogin->index()
#6 C:\xampp\htdocs\mikaskada\vendor\codeigniter4\framework\system\CodeIgniter.php(412): CodeIgniter\CodeIgniter->runController(Object(App\Controllers\SudahLogin))
#7 C:\xampp\htdocs\mikaskada\vendor\codeigniter4\framework\system\CodeIgniter.php(320): CodeIgniter\CodeIgniter->handleRequest(NULL, Object(Config\Cache), false)
#8 C:\xampp\htdocs\mikaskada\public\index.php(37): CodeIgniter\CodeIgniter->run()
#9 C:\xampp\htdocs\mikaskada\vendor\codeigniter4\framework\system\Commands\Server\rewrite.php(43): require_once('C:\\xampp\\htdocs...')
#10 {main}
CRITICAL - 2022-02-26 07:33:19 --> Undefined variable: data
#0 C:\xampp\htdocs\mikaskada\app\Views\sudahlogin\index.php(12): CodeIgniter\Debug\Exceptions->errorHandler(8, 'Undefined varia...', 'C:\\xampp\\htdocs...', 12, Array)
#1 C:\xampp\htdocs\mikaskada\vendor\codeigniter4\framework\system\View\View.php(210): include('C:\\xampp\\htdocs...')
#2 C:\xampp\htdocs\mikaskada\vendor\codeigniter4\framework\system\View\View.php(213): CodeIgniter\View\View->CodeIgniter\View\{closure}()
#3 C:\xampp\htdocs\mikaskada\vendor\codeigniter4\framework\system\Common.php(1089): CodeIgniter\View\View->render('sudahlogin/inde...', Array, true)
#4 C:\xampp\htdocs\mikaskada\app\Controllers\SudahLogin.php(19): view('sudahlogin/inde...')
#5 C:\xampp\htdocs\mikaskada\vendor\codeigniter4\framework\system\CodeIgniter.php(825): App\Controllers\SudahLogin->index()
#6 C:\xampp\htdocs\mikaskada\vendor\codeigniter4\framework\system\CodeIgniter.php(412): CodeIgniter\CodeIgniter->runController(Object(App\Controllers\SudahLogin))
#7 C:\xampp\htdocs\mikaskada\vendor\codeigniter4\framework\system\CodeIgniter.php(320): CodeIgniter\CodeIgniter->handleRequest(NULL, Object(Config\Cache), false)
#8 C:\xampp\htdocs\mikaskada\public\index.php(37): CodeIgniter\CodeIgniter->run()
#9 C:\xampp\htdocs\mikaskada\vendor\codeigniter4\framework\system\Commands\Server\rewrite.php(43): require_once('C:\\xampp\\htdocs...')
#10 {main}
CRITICAL - 2022-02-26 07:33:29 --> Undefined index: nama_pengguna
#0 C:\xampp\htdocs\mikaskada\app\Views\sudahlogin\index.php(12): CodeIgniter\Debug\Exceptions->errorHandler(8, 'Undefined index...', 'C:\\xampp\\htdocs...', 12, Array)
#1 C:\xampp\htdocs\mikaskada\vendor\codeigniter4\framework\system\View\View.php(210): include('C:\\xampp\\htdocs...')
#2 C:\xampp\htdocs\mikaskada\vendor\codeigniter4\framework\system\View\View.php(213): CodeIgniter\View\View->CodeIgniter\View\{closure}()
#3 C:\xampp\htdocs\mikaskada\vendor\codeigniter4\framework\system\Common.php(1089): CodeIgniter\View\View->render('sudahlogin/inde...', Array, true)
#4 C:\xampp\htdocs\mikaskada\app\Controllers\SudahLogin.php(19): view('sudahlogin/inde...', Array)
#5 C:\xampp\htdocs\mikaskada\vendor\codeigniter4\framework\system\CodeIgniter.php(825): App\Controllers\SudahLogin->index()
#6 C:\xampp\htdocs\mikaskada\vendor\codeigniter4\framework\system\CodeIgniter.php(412): CodeIgniter\CodeIgniter->runController(Object(App\Controllers\SudahLogin))
#7 C:\xampp\htdocs\mikaskada\vendor\codeigniter4\framework\system\CodeIgniter.php(320): CodeIgniter\CodeIgniter->handleRequest(NULL, Object(Config\Cache), false)
#8 C:\xampp\htdocs\mikaskada\public\index.php(37): CodeIgniter\CodeIgniter->run()
#9 C:\xampp\htdocs\mikaskada\vendor\codeigniter4\framework\system\Commands\Server\rewrite.php(43): require_once('C:\\xampp\\htdocs...')
#10 {main}
CRITICAL - 2022-02-26 07:34:08 --> Undefined index: id_pengguna
#0 C:\xampp\htdocs\mikaskada\app\Views\sudahlogin\index.php(12): CodeIgniter\Debug\Exceptions->errorHandler(8, 'Undefined index...', 'C:\\xampp\\htdocs...', 12, Array)
#1 C:\xampp\htdocs\mikaskada\vendor\codeigniter4\framework\system\View\View.php(210): include('C:\\xampp\\htdocs...')
#2 C:\xampp\htdocs\mikaskada\vendor\codeigniter4\framework\system\View\View.php(213): CodeIgniter\View\View->CodeIgniter\View\{closure}()
#3 C:\xampp\htdocs\mikaskada\vendor\codeigniter4\framework\system\Common.php(1089): CodeIgniter\View\View->render('sudahlogin/inde...', Array, true)
#4 C:\xampp\htdocs\mikaskada\app\Controllers\SudahLogin.php(19): view('sudahlogin/inde...', Array)
#5 C:\xampp\htdocs\mikaskada\vendor\codeigniter4\framework\system\CodeIgniter.php(825): App\Controllers\SudahLogin->index()
#6 C:\xampp\htdocs\mikaskada\vendor\codeigniter4\framework\system\CodeIgniter.php(412): CodeIgniter\CodeIgniter->runController(Object(App\Controllers\SudahLogin))
#7 C:\xampp\htdocs\mikaskada\vendor\codeigniter4\framework\system\CodeIgniter.php(320): CodeIgniter\CodeIgniter->handleRequest(NULL, Object(Config\Cache), false)
#8 C:\xampp\htdocs\mikaskada\public\index.php(37): CodeIgniter\CodeIgniter->run()
#9 C:\xampp\htdocs\mikaskada\vendor\codeigniter4\framework\system\Commands\Server\rewrite.php(43): require_once('C:\\xampp\\htdocs...')
#10 {main}
CRITICAL - 2022-02-26 07:38:01 --> Too few arguments to function App\Controllers\SudahLogin::index(), 0 passed in C:\xampp\htdocs\mikaskada\vendor\codeigniter4\framework\system\CodeIgniter.php on line 825 and exactly 1 expected
#0 C:\xampp\htdocs\mikaskada\vendor\codeigniter4\framework\system\CodeIgniter.php(825): App\Controllers\SudahLogin->index()
#1 C:\xampp\htdocs\mikaskada\vendor\codeigniter4\framework\system\CodeIgniter.php(412): CodeIgniter\CodeIgniter->runController(Object(App\Controllers\SudahLogin))
#2 C:\xampp\htdocs\mikaskada\vendor\codeigniter4\framework\system\CodeIgniter.php(320): CodeIgniter\CodeIgniter->handleRequest(NULL, Object(Config\Cache), false)
#3 C:\xampp\htdocs\mikaskada\public\index.php(37): CodeIgniter\CodeIgniter->run()
#4 C:\xampp\htdocs\mikaskada\vendor\codeigniter4\framework\system\Commands\Server\rewrite.php(43): require_once('C:\\xampp\\htdocs...')
#5 {main}
CRITICAL - 2022-02-26 07:39:33 --> Too few arguments to function App\Controllers\SudahLogin::index(), 0 passed in C:\xampp\htdocs\mikaskada\vendor\codeigniter4\framework\system\CodeIgniter.php on line 825 and exactly 1 expected
#0 C:\xampp\htdocs\mikaskada\vendor\codeigniter4\framework\system\CodeIgniter.php(825): App\Controllers\SudahLogin->index()
#1 C:\xampp\htdocs\mikaskada\vendor\codeigniter4\framework\system\CodeIgniter.php(412): CodeIgniter\CodeIgniter->runController(Object(App\Controllers\SudahLogin))
#2 C:\xampp\htdocs\mikaskada\vendor\codeigniter4\framework\system\CodeIgniter.php(320): CodeIgniter\CodeIgniter->handleRequest(NULL, Object(Config\Cache), false)
#3 C:\xampp\htdocs\mikaskada\public\index.php(37): CodeIgniter\CodeIgniter->run()
#4 C:\xampp\htdocs\mikaskada\vendor\codeigniter4\framework\system\Commands\Server\rewrite.php(43): require_once('C:\\xampp\\htdocs...')
#5 {main}
CRITICAL - 2022-02-26 07:39:34 --> Too few arguments to function App\Controllers\SudahLogin::index(), 0 passed in C:\xampp\htdocs\mikaskada\vendor\codeigniter4\framework\system\CodeIgniter.php on line 825 and exactly 1 expected
#0 C:\xampp\htdocs\mikaskada\vendor\codeigniter4\framework\system\CodeIgniter.php(825): App\Controllers\SudahLogin->index()
#1 C:\xampp\htdocs\mikaskada\vendor\codeigniter4\framework\system\CodeIgniter.php(412): CodeIgniter\CodeIgniter->runController(Object(App\Controllers\SudahLogin))
#2 C:\xampp\htdocs\mikaskada\vendor\codeigniter4\framework\system\CodeIgniter.php(320): CodeIgniter\CodeIgniter->handleRequest(NULL, Object(Config\Cache), false)
#3 C:\xampp\htdocs\mikaskada\public\index.php(37): CodeIgniter\CodeIgniter->run()
#4 C:\xampp\htdocs\mikaskada\vendor\codeigniter4\framework\system\Commands\Server\rewrite.php(43): require_once('C:\\xampp\\htdocs...')
#5 {main}
CRITICAL - 2022-02-26 07:39:45 --> Too few arguments to function App\Controllers\SudahLogin::index(), 0 passed in C:\xampp\htdocs\mikaskada\vendor\codeigniter4\framework\system\CodeIgniter.php on line 825 and exactly 1 expected
#0 C:\xampp\htdocs\mikaskada\vendor\codeigniter4\framework\system\CodeIgniter.php(825): App\Controllers\SudahLogin->index()
#1 C:\xampp\htdocs\mikaskada\vendor\codeigniter4\framework\system\CodeIgniter.php(412): CodeIgniter\CodeIgniter->runController(Object(App\Controllers\SudahLogin))
#2 C:\xampp\htdocs\mikaskada\vendor\codeigniter4\framework\system\CodeIgniter.php(320): CodeIgniter\CodeIgniter->handleRequest(NULL, Object(Config\Cache), false)
#3 C:\xampp\htdocs\mikaskada\public\index.php(37): CodeIgniter\CodeIgniter->run()
#4 C:\xampp\htdocs\mikaskada\vendor\codeigniter4\framework\system\Commands\Server\rewrite.php(43): require_once('C:\\xampp\\htdocs...')
#5 {main}
CRITICAL - 2022-02-26 07:47:48 --> Too few arguments to function App\Controllers\SudahLogin::index(), 0 passed in C:\xampp\htdocs\mikaskada\vendor\codeigniter4\framework\system\CodeIgniter.php on line 825 and exactly 1 expected
#0 C:\xampp\htdocs\mikaskada\vendor\codeigniter4\framework\system\CodeIgniter.php(825): App\Controllers\SudahLogin->index()
#1 C:\xampp\htdocs\mikaskada\vendor\codeigniter4\framework\system\CodeIgniter.php(412): CodeIgniter\CodeIgniter->runController(Object(App\Controllers\SudahLogin))
#2 C:\xampp\htdocs\mikaskada\vendor\codeigniter4\framework\system\CodeIgniter.php(320): CodeIgniter\CodeIgniter->handleRequest(NULL, Object(Config\Cache), false)
#3 C:\xampp\htdocs\mikaskada\public\index.php(37): CodeIgniter\CodeIgniter->run()
#4 C:\xampp\htdocs\mikaskada\vendor\codeigniter4\framework\system\Commands\Server\rewrite.php(43): require_once('C:\\xampp\\htdocs...')
#5 {main}
CRITICAL - 2022-02-26 07:47:58 --> Too few arguments to function App\Controllers\SudahLogin::index(), 0 passed in C:\xampp\htdocs\mikaskada\vendor\codeigniter4\framework\system\CodeIgniter.php on line 825 and exactly 1 expected
#0 C:\xampp\htdocs\mikaskada\vendor\codeigniter4\framework\system\CodeIgniter.php(825): App\Controllers\SudahLogin->index()
#1 C:\xampp\htdocs\mikaskada\vendor\codeigniter4\framework\system\CodeIgniter.php(412): CodeIgniter\CodeIgniter->runController(Object(App\Controllers\SudahLogin))
#2 C:\xampp\htdocs\mikaskada\vendor\codeigniter4\framework\system\CodeIgniter.php(320): CodeIgniter\CodeIgniter->handleRequest(NULL, Object(Config\Cache), false)
#3 C:\xampp\htdocs\mikaskada\public\index.php(37): CodeIgniter\CodeIgniter->run()
#4 C:\xampp\htdocs\mikaskada\vendor\codeigniter4\framework\system\Commands\Server\rewrite.php(43): require_once('C:\\xampp\\htdocs...')
#5 {main}
CRITICAL - 2022-02-26 07:48:24 --> Too few arguments to function App\Controllers\SudahLogin::index(), 0 passed in C:\xampp\htdocs\mikaskada\vendor\codeigniter4\framework\system\CodeIgniter.php on line 825 and exactly 1 expected
#0 C:\xampp\htdocs\mikaskada\vendor\codeigniter4\framework\system\CodeIgniter.php(825): App\Controllers\SudahLogin->index()
#1 C:\xampp\htdocs\mikaskada\vendor\codeigniter4\framework\system\CodeIgniter.php(412): CodeIgniter\CodeIgniter->runController(Object(App\Controllers\SudahLogin))
#2 C:\xampp\htdocs\mikaskada\vendor\codeigniter4\framework\system\CodeIgniter.php(320): CodeIgniter\CodeIgniter->handleRequest(NULL, Object(Config\Cache), false)
#3 C:\xampp\htdocs\mikaskada\public\index.php(37): CodeIgniter\CodeIgniter->run()
#4 C:\xampp\htdocs\mikaskada\vendor\codeigniter4\framework\system\Commands\Server\rewrite.php(43): require_once('C:\\xampp\\htdocs...')
#5 {main}
CRITICAL - 2022-02-26 07:48:36 --> Undefined index: nama_pengguna
#0 C:\xampp\htdocs\mikaskada\app\Views\sudahlogin\index.php(12): CodeIgniter\Debug\Exceptions->errorHandler(8, 'Undefined index...', 'C:\\xampp\\htdocs...', 12, Array)
#1 C:\xampp\htdocs\mikaskada\vendor\codeigniter4\framework\system\View\View.php(210): include('C:\\xampp\\htdocs...')
#2 C:\xampp\htdocs\mikaskada\vendor\codeigniter4\framework\system\View\View.php(213): CodeIgniter\View\View->CodeIgniter\View\{closure}()
#3 C:\xampp\htdocs\mikaskada\vendor\codeigniter4\framework\system\Common.php(1089): CodeIgniter\View\View->render('sudahlogin/inde...', Array, true)
#4 C:\xampp\htdocs\mikaskada\app\Controllers\SudahLogin.php(19): view('sudahlogin/inde...', Array)
#5 C:\xampp\htdocs\mikaskada\vendor\codeigniter4\framework\system\CodeIgniter.php(825): App\Controllers\SudahLogin->index()
#6 C:\xampp\htdocs\mikaskada\vendor\codeigniter4\framework\system\CodeIgniter.php(412): CodeIgniter\CodeIgniter->runController(Object(App\Controllers\SudahLogin))
#7 C:\xampp\htdocs\mikaskada\vendor\codeigniter4\framework\system\CodeIgniter.php(320): CodeIgniter\CodeIgniter->handleRequest(NULL, Object(Config\Cache), false)
#8 C:\xampp\htdocs\mikaskada\public\index.php(37): CodeIgniter\CodeIgniter->run()
#9 C:\xampp\htdocs\mikaskada\vendor\codeigniter4\framework\system\Commands\Server\rewrite.php(43): require_once('C:\\xampp\\htdocs...')
#10 {main}
CRITICAL - 2022-02-26 07:48:59 --> Undefined variable: nama_pengguna
#0 C:\xampp\htdocs\mikaskada\app\Controllers\SudahLogin.php(11): CodeIgniter\Debug\Exceptions->errorHandler(8, 'Undefined varia...', 'C:\\xampp\\htdocs...', 11, Array)
#1 C:\xampp\htdocs\mikaskada\vendor\codeigniter4\framework\system\CodeIgniter.php(825): App\Controllers\SudahLogin->index()
#2 C:\xampp\htdocs\mikaskada\vendor\codeigniter4\framework\system\CodeIgniter.php(412): CodeIgniter\CodeIgniter->runController(Object(App\Controllers\SudahLogin))
#3 C:\xampp\htdocs\mikaskada\vendor\codeigniter4\framework\system\CodeIgniter.php(320): CodeIgniter\CodeIgniter->handleRequest(NULL, Object(Config\Cache), false)
#4 C:\xampp\htdocs\mikaskada\public\index.php(37): CodeIgniter\CodeIgniter->run()
#5 C:\xampp\htdocs\mikaskada\vendor\codeigniter4\framework\system\Commands\Server\rewrite.php(43): require_once('C:\\xampp\\htdocs...')
#6 {main}
CRITICAL - 2022-02-26 07:49:15 --> Argument 1 passed to CodeIgniter\BaseModel::findAll() must be of the type int, string given, called in C:\xampp\htdocs\mikaskada\app\Controllers\SudahLogin.php on line 11
#0 C:\xampp\htdocs\mikaskada\app\Controllers\SudahLogin.php(11): CodeIgniter\BaseModel->findAll('nama_pengguna')
#1 C:\xampp\htdocs\mikaskada\vendor\codeigniter4\framework\system\CodeIgniter.php(825): App\Controllers\SudahLogin->index()
#2 C:\xampp\htdocs\mikaskada\vendor\codeigniter4\framework\system\CodeIgniter.php(412): CodeIgniter\CodeIgniter->runController(Object(App\Controllers\SudahLogin))
#3 C:\xampp\htdocs\mikaskada\vendor\codeigniter4\framework\system\CodeIgniter.php(320): CodeIgniter\CodeIgniter->handleRequest(NULL, Object(Config\Cache), false)
#4 C:\xampp\htdocs\mikaskada\public\index.php(37): CodeIgniter\CodeIgniter->run()
#5 C:\xampp\htdocs\mikaskada\vendor\codeigniter4\framework\system\Commands\Server\rewrite.php(43): require_once('C:\\xampp\\htdocs...')
#6 {main}
ERROR - 2022-02-26 07:49:54 --> Unknown column 'users.id' in 'where clause'
CRITICAL - 2022-02-26 07:49:54 --> Unknown column 'users.id' in 'where clause'
#0 C:\xampp\htdocs\mikaskada\vendor\codeigniter4\framework\system\Database\MySQLi\Connection.php(292): mysqli->query('SELECT *\nFROM `...', 0)
#1 C:\xampp\htdocs\mikaskada\vendor\codeigniter4\framework\system\Database\BaseConnection.php(670): CodeIgniter\Database\MySQLi\Connection->execute('SELECT *\nFROM `...')
#2 C:\xampp\htdocs\mikaskada\vendor\codeigniter4\framework\system\Database\BaseConnection.php(598): CodeIgniter\Database\BaseConnection->simpleQuery('SELECT *\nFROM `...')
#3 C:\xampp\htdocs\mikaskada\vendor\codeigniter4\framework\system\Database\BaseBuilder.php(1455): CodeIgniter\Database\BaseConnection->query('SELECT *\nFROM `...', Array, false)
#4 C:\xampp\htdocs\mikaskada\vendor\codeigniter4\framework\system\Model.php(142): CodeIgniter\Database\BaseBuilder->get()
#5 C:\xampp\htdocs\mikaskada\vendor\codeigniter4\framework\system\BaseModel.php(523): CodeIgniter\Model->doFind(true, 'nama_pengguna')
#6 C:\xampp\htdocs\mikaskada\app\Controllers\SudahLogin.php(11): CodeIgniter\BaseModel->find('nama_pengguna')
#7 C:\xampp\htdocs\mikaskada\vendor\codeigniter4\framework\system\CodeIgniter.php(825): App\Controllers\SudahLogin->index()
#8 C:\xampp\htdocs\mikaskada\vendor\codeigniter4\framework\system\CodeIgniter.php(412): CodeIgniter\CodeIgniter->runController(Object(App\Controllers\SudahLogin))
#9 C:\xampp\htdocs\mikaskada\vendor\codeigniter4\framework\system\CodeIgniter.php(320): CodeIgniter\CodeIgniter->handleRequest(NULL, Object(Config\Cache), false)
#10 C:\xampp\htdocs\mikaskada\public\index.php(37): CodeIgniter\CodeIgniter->run()
#11 C:\xampp\htdocs\mikaskada\vendor\codeigniter4\framework\system\Commands\Server\rewrite.php(43): require_once('C:\\xampp\\htdocs...')
#12 {main}
ERROR - 2022-02-26 08:02:47 --> Unknown column 'users.id' in 'where clause'
CRITICAL - 2022-02-26 08:02:47 --> Unknown column 'users.id' in 'where clause'
#0 C:\xampp\htdocs\mikaskada\vendor\codeigniter4\framework\system\Database\MySQLi\Connection.php(292): mysqli->query('SELECT *\nFROM `...', 0)
#1 C:\xampp\htdocs\mikaskada\vendor\codeigniter4\framework\system\Database\BaseConnection.php(670): CodeIgniter\Database\MySQLi\Connection->execute('SELECT *\nFROM `...')
#2 C:\xampp\htdocs\mikaskada\vendor\codeigniter4\framework\system\Database\BaseConnection.php(598): CodeIgniter\Database\BaseConnection->simpleQuery('SELECT *\nFROM `...')
#3 C:\xampp\htdocs\mikaskada\vendor\codeigniter4\framework\system\Database\BaseBuilder.php(1455): CodeIgniter\Database\BaseConnection->query('SELECT *\nFROM `...', Array, false)
#4 C:\xampp\htdocs\mikaskada\vendor\codeigniter4\framework\system\Model.php(142): CodeIgniter\Database\BaseBuilder->get()
#5 C:\xampp\htdocs\mikaskada\vendor\codeigniter4\framework\system\BaseModel.php(523): CodeIgniter\Model->doFind(true, 'nama_pengguna')
#6 C:\xampp\htdocs\mikaskada\app\Controllers\SudahLogin.php(11): CodeIgniter\BaseModel->find('nama_pengguna')
#7 C:\xampp\htdocs\mikaskada\vendor\codeigniter4\framework\system\CodeIgniter.php(825): App\Controllers\SudahLogin->index()
#8 C:\xampp\htdocs\mikaskada\vendor\codeigniter4\framework\system\CodeIgniter.php(412): CodeIgniter\CodeIgniter->runController(Object(App\Controllers\SudahLogin))
#9 C:\xampp\htdocs\mikaskada\vendor\codeigniter4\framework\system\CodeIgniter.php(320): CodeIgniter\CodeIgniter->handleRequest(NULL, Object(Config\Cache), false)
#10 C:\xampp\htdocs\mikaskada\public\index.php(37): CodeIgniter\CodeIgniter->run()
#11 C:\xampp\htdocs\mikaskada\vendor\codeigniter4\framework\system\Commands\Server\rewrite.php(43): require_once('C:\\xampp\\htdocs...')
#12 {main}
ERROR - 2022-02-26 08:02:59 --> Unknown column 'users.id' in 'where clause'
CRITICAL - 2022-02-26 08:02:59 --> Unknown column 'users.id' in 'where clause'
#0 C:\xampp\htdocs\mikaskada\vendor\codeigniter4\framework\system\Database\MySQLi\Connection.php(292): mysqli->query('SELECT *\nFROM `...', 0)
#1 C:\xampp\htdocs\mikaskada\vendor\codeigniter4\framework\system\Database\BaseConnection.php(670): CodeIgniter\Database\MySQLi\Connection->execute('SELECT *\nFROM `...')
#2 C:\xampp\htdocs\mikaskada\vendor\codeigniter4\framework\system\Database\BaseConnection.php(598): CodeIgniter\Database\BaseConnection->simpleQuery('SELECT *\nFROM `...')
#3 C:\xampp\htdocs\mikaskada\vendor\codeigniter4\framework\system\Database\BaseBuilder.php(1455): CodeIgniter\Database\BaseConnection->query('SELECT *\nFROM `...', Array, false)
#4 C:\xampp\htdocs\mikaskada\vendor\codeigniter4\framework\system\Model.php(142): CodeIgniter\Database\BaseBuilder->get()
#5 C:\xampp\htdocs\mikaskada\vendor\codeigniter4\framework\system\BaseModel.php(523): CodeIgniter\Model->doFind(true, 'nama_pengguna')
#6 C:\xampp\htdocs\mikaskada\app\Controllers\SudahLogin.php(11): CodeIgniter\BaseModel->find('nama_pengguna')
#7 C:\xampp\htdocs\mikaskada\vendor\codeigniter4\framework\system\CodeIgniter.php(825): App\Controllers\SudahLogin->index()
#8 C:\xampp\htdocs\mikaskada\vendor\codeigniter4\framework\system\CodeIgniter.php(412): CodeIgniter\CodeIgniter->runController(Object(App\Controllers\SudahLogin))
#9 C:\xampp\htdocs\mikaskada\vendor\codeigniter4\framework\system\CodeIgniter.php(320): CodeIgniter\CodeIgniter->handleRequest(NULL, Object(Config\Cache), false)
#10 C:\xampp\htdocs\mikaskada\public\index.php(37): CodeIgniter\CodeIgniter->run()
#11 C:\xampp\htdocs\mikaskada\vendor\codeigniter4\framework\system\Commands\Server\rewrite.php(43): require_once('C:\\xampp\\htdocs...')
#12 {main}
ERROR - 2022-02-26 08:04:15 --> Unknown column 'users.id' in 'where clause'
CRITICAL - 2022-02-26 08:04:15 --> Unknown column 'users.id' in 'where clause'
#0 C:\xampp\htdocs\mikaskada\vendor\codeigniter4\framework\system\Database\MySQLi\Connection.php(292): mysqli->query('SELECT *\nFROM `...', 0)
#1 C:\xampp\htdocs\mikaskada\vendor\codeigniter4\framework\system\Database\BaseConnection.php(670): CodeIgniter\Database\MySQLi\Connection->execute('SELECT *\nFROM `...')
#2 C:\xampp\htdocs\mikaskada\vendor\codeigniter4\framework\system\Database\BaseConnection.php(598): CodeIgniter\Database\BaseConnection->simpleQuery('SELECT *\nFROM `...')
#3 C:\xampp\htdocs\mikaskada\vendor\codeigniter4\framework\system\Database\BaseBuilder.php(1455): CodeIgniter\Database\BaseConnection->query('SELECT *\nFROM `...', Array, false)
#4 C:\xampp\htdocs\mikaskada\vendor\codeigniter4\framework\system\Model.php(142): CodeIgniter\Database\BaseBuilder->get()
#5 C:\xampp\htdocs\mikaskada\vendor\codeigniter4\framework\system\BaseModel.php(523): CodeIgniter\Model->doFind(true, 'nama_pengguna')
#6 C:\xampp\htdocs\mikaskada\app\Controllers\SudahLogin.php(11): CodeIgniter\BaseModel->find('nama_pengguna')
#7 C:\xampp\htdocs\mikaskada\vendor\codeigniter4\framework\system\CodeIgniter.php(825): App\Controllers\SudahLogin->index()
#8 C:\xampp\htdocs\mikaskada\vendor\codeigniter4\framework\system\CodeIgniter.php(412): CodeIgniter\CodeIgniter->runController(Object(App\Controllers\SudahLogin))
#9 C:\xampp\htdocs\mikaskada\vendor\codeigniter4\framework\system\CodeIgniter.php(320): CodeIgniter\CodeIgniter->handleRequest(NULL, Object(Config\Cache), false)
#10 C:\xampp\htdocs\mikaskada\public\index.php(37): CodeIgniter\CodeIgniter->run()
#11 C:\xampp\htdocs\mikaskada\vendor\codeigniter4\framework\system\Commands\Server\rewrite.php(43): require_once('C:\\xampp\\htdocs...')
#12 {main}
CRITICAL - 2022-02-26 08:06:32 --> Undefined index: nama_pengguna
#0 C:\xampp\htdocs\mikaskada\app\Views\sudahlogin\index.php(12): CodeIgniter\Debug\Exceptions->errorHandler(8, 'Undefined index...', 'C:\\xampp\\htdocs...', 12, Array)
#1 C:\xampp\htdocs\mikaskada\vendor\codeigniter4\framework\system\View\View.php(210): include('C:\\xampp\\htdocs...')
#2 C:\xampp\htdocs\mikaskada\vendor\codeigniter4\framework\system\View\View.php(213): CodeIgniter\View\View->CodeIgniter\View\{closure}()
#3 C:\xampp\htdocs\mikaskada\vendor\codeigniter4\framework\system\Common.php(1089): CodeIgniter\View\View->render('sudahlogin/inde...', Array, true)
#4 C:\xampp\htdocs\mikaskada\app\Controllers\Mika.php(19): view('sudahlogin/inde...', Array)
#5 C:\xampp\htdocs\mikaskada\vendor\codeigniter4\framework\system\CodeIgniter.php(825): App\Controllers\Mika->index()
#6 C:\xampp\htdocs\mikaskada\vendor\codeigniter4\framework\system\CodeIgniter.php(412): CodeIgniter\CodeIgniter->runController(Object(App\Controllers\Mika))
#7 C:\xampp\htdocs\mikaskada\vendor\codeigniter4\framework\system\CodeIgniter.php(320): CodeIgniter\CodeIgniter->handleRequest(NULL, Object(Config\Cache), false)
#8 C:\xampp\htdocs\mikaskada\public\index.php(37): CodeIgniter\CodeIgniter->run()
#9 C:\xampp\htdocs\mikaskada\vendor\codeigniter4\framework\system\Commands\Server\rewrite.php(43): require_once('C:\\xampp\\htdocs...')
#10 {main}
CRITICAL - 2022-02-26 08:07:30 --> Undefined index: nama_pengguna
#0 C:\xampp\htdocs\mikaskada\app\Views\sudahlogin\index.php(12): CodeIgniter\Debug\Exceptions->errorHandler(8, 'Undefined index...', 'C:\\xampp\\htdocs...', 12, Array)
#1 C:\xampp\htdocs\mikaskada\vendor\codeigniter4\framework\system\View\View.php(210): include('C:\\xampp\\htdocs...')
#2 C:\xampp\htdocs\mikaskada\vendor\codeigniter4\framework\system\View\View.php(213): CodeIgniter\View\View->CodeIgniter\View\{closure}()
#3 C:\xampp\htdocs\mikaskada\vendor\codeigniter4\framework\system\Common.php(1089): CodeIgniter\View\View->render('sudahlogin/inde...', Array, true)
#4 C:\xampp\htdocs\mikaskada\app\Controllers\Mika.php(19): view('sudahlogin/inde...', Array)
#5 C:\xampp\htdocs\mikaskada\vendor\codeigniter4\framework\system\CodeIgniter.php(825): App\Controllers\Mika->index()
#6 C:\xampp\htdocs\mikaskada\vendor\codeigniter4\framework\system\CodeIgniter.php(412): CodeIgniter\CodeIgniter->runController(Object(App\Controllers\Mika))
#7 C:\xampp\htdocs\mikaskada\vendor\codeigniter4\framework\system\CodeIgniter.php(320): CodeIgniter\CodeIgniter->handleRequest(NULL, Object(Config\Cache), false)
#8 C:\xampp\htdocs\mikaskada\public\index.php(37): CodeIgniter\CodeIgniter->run()
#9 C:\xampp\htdocs\mikaskada\vendor\codeigniter4\framework\system\Commands\Server\rewrite.php(43): require_once('C:\\xampp\\htdocs...')
#10 {main}
CRITICAL - 2022-02-26 08:08:34 --> Undefined index: nama_pengguna
#0 C:\xampp\htdocs\mikaskada\app\Views\sudahlogin\index.php(12): CodeIgniter\Debug\Exceptions->errorHandler(8, 'Undefined index...', 'C:\\xampp\\htdocs...', 12, Array)
#1 C:\xampp\htdocs\mikaskada\vendor\codeigniter4\framework\system\View\View.php(210): include('C:\\xampp\\htdocs...')
#2 C:\xampp\htdocs\mikaskada\vendor\codeigniter4\framework\system\View\View.php(213): CodeIgniter\View\View->CodeIgniter\View\{closure}()
#3 C:\xampp\htdocs\mikaskada\vendor\codeigniter4\framework\system\Common.php(1089): CodeIgniter\View\View->render('sudahlogin/inde...', Array, true)
#4 C:\xampp\htdocs\mikaskada\app\Controllers\Mika.php(19): view('sudahlogin/inde...', Array)
#5 C:\xampp\htdocs\mikaskada\vendor\codeigniter4\framework\system\CodeIgniter.php(825): App\Controllers\Mika->index()
#6 C:\xampp\htdocs\mikaskada\vendor\codeigniter4\framework\system\CodeIgniter.php(412): CodeIgniter\CodeIgniter->runController(Object(App\Controllers\Mika))
#7 C:\xampp\htdocs\mikaskada\vendor\codeigniter4\framework\system\CodeIgniter.php(320): CodeIgniter\CodeIgniter->handleRequest(NULL, Object(Config\Cache), false)
#8 C:\xampp\htdocs\mikaskada\public\index.php(37): CodeIgniter\CodeIgniter->run()
#9 C:\xampp\htdocs\mikaskada\vendor\codeigniter4\framework\system\Commands\Server\rewrite.php(43): require_once('C:\\xampp\\htdocs...')
#10 {main}
CRITICAL - 2022-02-26 08:08:47 --> Undefined index: email
#0 C:\xampp\htdocs\mikaskada\app\Views\sudahlogin\index.php(12): CodeIgniter\Debug\Exceptions->errorHandler(8, 'Undefined index...', 'C:\\xampp\\htdocs...', 12, Array)
#1 C:\xampp\htdocs\mikaskada\vendor\codeigniter4\framework\system\View\View.php(210): include('C:\\xampp\\htdocs...')
#2 C:\xampp\htdocs\mikaskada\vendor\codeigniter4\framework\system\View\View.php(213): CodeIgniter\View\View->CodeIgniter\View\{closure}()
#3 C:\xampp\htdocs\mikaskada\vendor\codeigniter4\framework\system\Common.php(1089): CodeIgniter\View\View->render('sudahlogin/inde...', Array, true)
#4 C:\xampp\htdocs\mikaskada\app\Controllers\Mika.php(19): view('sudahlogin/inde...', Array)
#5 C:\xampp\htdocs\mikaskada\vendor\codeigniter4\framework\system\CodeIgniter.php(825): App\Controllers\Mika->index()
#6 C:\xampp\htdocs\mikaskada\vendor\codeigniter4\framework\system\CodeIgniter.php(412): CodeIgniter\CodeIgniter->runController(Object(App\Controllers\Mika))
#7 C:\xampp\htdocs\mikaskada\vendor\codeigniter4\framework\system\CodeIgniter.php(320): CodeIgniter\CodeIgniter->handleRequest(NULL, Object(Config\Cache), false)
#8 C:\xampp\htdocs\mikaskada\public\index.php(37): CodeIgniter\CodeIgniter->run()
#9 C:\xampp\htdocs\mikaskada\vendor\codeigniter4\framework\system\Commands\Server\rewrite.php(43): require_once('C:\\xampp\\htdocs...')
#10 {main}
CRITICAL - 2022-02-26 08:08:51 --> Undefined index: nama_pengguna
#0 C:\xampp\htdocs\mikaskada\app\Views\sudahlogin\index.php(12): CodeIgniter\Debug\Exceptions->errorHandler(8, 'Undefined index...', 'C:\\xampp\\htdocs...', 12, Array)
#1 C:\xampp\htdocs\mikaskada\vendor\codeigniter4\framework\system\View\View.php(210): include('C:\\xampp\\htdocs...')
#2 C:\xampp\htdocs\mikaskada\vendor\codeigniter4\framework\system\View\View.php(213): CodeIgniter\View\View->CodeIgniter\View\{closure}()
#3 C:\xampp\htdocs\mikaskada\vendor\codeigniter4\framework\system\Common.php(1089): CodeIgniter\View\View->render('sudahlogin/inde...', Array, true)
#4 C:\xampp\htdocs\mikaskada\app\Controllers\Mika.php(19): view('sudahlogin/inde...', Array)
#5 C:\xampp\htdocs\mikaskada\vendor\codeigniter4\framework\system\CodeIgniter.php(825): App\Controllers\Mika->index()
#6 C:\xampp\htdocs\mikaskada\vendor\codeigniter4\framework\system\CodeIgniter.php(412): CodeIgniter\CodeIgniter->runController(Object(App\Controllers\Mika))
#7 C:\xampp\htdocs\mikaskada\vendor\codeigniter4\framework\system\CodeIgniter.php(320): CodeIgniter\CodeIgniter->handleRequest(NULL, Object(Config\Cache), false)
#8 C:\xampp\htdocs\mikaskada\public\index.php(37): CodeIgniter\CodeIgniter->run()
#9 C:\xampp\htdocs\mikaskada\vendor\codeigniter4\framework\system\Commands\Server\rewrite.php(43): require_once('C:\\xampp\\htdocs...')
#10 {main}
CRITICAL - 2022-02-26 08:09:00 --> Undefined index: nama_pengguna
#0 C:\xampp\htdocs\mikaskada\app\Views\sudahlogin\index.php(12): CodeIgniter\Debug\Exceptions->errorHandler(8, 'Undefined index...', 'C:\\xampp\\htdocs...', 12, Array)
#1 C:\xampp\htdocs\mikaskada\vendor\codeigniter4\framework\system\View\View.php(210): include('C:\\xampp\\htdocs...')
#2 C:\xampp\htdocs\mikaskada\vendor\codeigniter4\framework\system\View\View.php(213): CodeIgniter\View\View->CodeIgniter\View\{closure}()
#3 C:\xampp\htdocs\mikaskada\vendor\codeigniter4\framework\system\Common.php(1089): CodeIgniter\View\View->render('sudahlogin/inde...', Array, true)
#4 C:\xampp\htdocs\mikaskada\app\Controllers\Mika.php(19): view('sudahlogin/inde...', Array)
#5 C:\xampp\htdocs\mikaskada\vendor\codeigniter4\framework\system\CodeIgniter.php(825): App\Controllers\Mika->index()
#6 C:\xampp\htdocs\mikaskada\vendor\codeigniter4\framework\system\CodeIgniter.php(412): CodeIgniter\CodeIgniter->runController(Object(App\Controllers\Mika))
#7 C:\xampp\htdocs\mikaskada\vendor\codeigniter4\framework\system\CodeIgniter.php(320): CodeIgniter\CodeIgniter->handleRequest(NULL, Object(Config\Cache), false)
#8 C:\xampp\htdocs\mikaskada\public\index.php(37): CodeIgniter\CodeIgniter->run()
#9 C:\xampp\htdocs\mikaskada\vendor\codeigniter4\framework\system\Commands\Server\rewrite.php(43): require_once('C:\\xampp\\htdocs...')
#10 {main}
ERROR - 2022-02-26 23:03:35 --> Table 'mikaskada.nama_pengguna' doesn't exist
CRITICAL - 2022-02-26 23:03:35 --> Table 'mikaskada.nama_pengguna' doesn't exist
#0 C:\xampp\htdocs\mikaskada\vendor\codeigniter4\framework\system\Database\MySQLi\Connection.php(292): mysqli->query('SELECT 1\nFROM `...', 0)
#1 C:\xampp\htdocs\mikaskada\vendor\codeigniter4\framework\system\Database\BaseConnection.php(670): CodeIgniter\Database\MySQLi\Connection->execute('SELECT 1\nFROM `...')
#2 C:\xampp\htdocs\mikaskada\vendor\codeigniter4\framework\system\Database\BaseConnection.php(598): CodeIgniter\Database\BaseConnection->simpleQuery('SELECT 1\nFROM `...')
#3 C:\xampp\htdocs\mikaskada\vendor\codeigniter4\framework\system\Database\BaseBuilder.php(1455): CodeIgniter\Database\BaseConnection->query('SELECT 1\nFROM `...', Array, false)
#4 C:\xampp\htdocs\mikaskada\vendor\codeigniter4\framework\system\Validation\Rules.php(142): CodeIgniter\Database\BaseBuilder->get()
#5 C:\xampp\htdocs\mikaskada\vendor\codeigniter4\framework\system\Validation\Validation.php(292): CodeIgniter\Validation\Rules->is_unique('', 'nama_pengguna', Array, NULL)
#6 C:\xampp\htdocs\mikaskada\vendor\codeigniter4\framework\system\Validation\Validation.php(157): CodeIgniter\Validation\Validation->processRules('nama_pengguna', 'nama_pengguna', '', Array, Array)
#7 C:\xampp\htdocs\mikaskada\vendor\codeigniter4\framework\system\Controller.php(160): CodeIgniter\Validation\Validation->run()
#8 C:\xampp\htdocs\mikaskada\app\Controllers\Users.php(21): CodeIgniter\Controller->validate(Array)
#9 C:\xampp\htdocs\mikaskada\vendor\codeigniter4\framework\system\CodeIgniter.php(825): App\Controllers\Users->insertdaftar()
#10 C:\xampp\htdocs\mikaskada\vendor\codeigniter4\framework\system\CodeIgniter.php(412): CodeIgniter\CodeIgniter->runController(Object(App\Controllers\Users))
#11 C:\xampp\htdocs\mikaskada\vendor\codeigniter4\framework\system\CodeIgniter.php(320): CodeIgniter\CodeIgniter->handleRequest(NULL, Object(Config\Cache), false)
#12 C:\xampp\htdocs\mikaskada\public\index.php(37): CodeIgniter\CodeIgniter->run()
#13 C:\xampp\htdocs\mikaskada\vendor\codeigniter4\framework\system\Commands\Server\rewrite.php(43): require_once('C:\\xampp\\htdocs...')
#14 {main}
ERROR - 2022-02-26 23:07:19 --> Table 'mikaskada.nama_pengguna' doesn't exist
CRITICAL - 2022-02-26 23:07:19 --> Table 'mikaskada.nama_pengguna' doesn't exist
#0 C:\xampp\htdocs\mikaskada\vendor\codeigniter4\framework\system\Database\MySQLi\Connection.php(292): mysqli->query('SELECT 1\nFROM `...', 0)
#1 C:\xampp\htdocs\mikaskada\vendor\codeigniter4\framework\system\Database\BaseConnection.php(670): CodeIgniter\Database\MySQLi\Connection->execute('SELECT 1\nFROM `...')
#2 C:\xampp\htdocs\mikaskada\vendor\codeigniter4\framework\system\Database\BaseConnection.php(598): CodeIgniter\Database\BaseConnection->simpleQuery('SELECT 1\nFROM `...')
#3 C:\xampp\htdocs\mikaskada\vendor\codeigniter4\framework\system\Database\BaseBuilder.php(1455): CodeIgniter\Database\BaseConnection->query('SELECT 1\nFROM `...', Array, false)
#4 C:\xampp\htdocs\mikaskada\vendor\codeigniter4\framework\system\Validation\Rules.php(142): CodeIgniter\Database\BaseBuilder->get()
#5 C:\xampp\htdocs\mikaskada\vendor\codeigniter4\framework\system\Validation\Validation.php(292): CodeIgniter\Validation\Rules->is_unique('', 'nama_pengguna', Array, NULL)
#6 C:\xampp\htdocs\mikaskada\vendor\codeigniter4\framework\system\Validation\Validation.php(157): CodeIgniter\Validation\Validation->processRules('nama_pengguna', 'nama_pengguna', '', Array, Array)
#7 C:\xampp\htdocs\mikaskada\vendor\codeigniter4\framework\system\Controller.php(160): CodeIgniter\Validation\Validation->run()
#8 C:\xampp\htdocs\mikaskada\app\Controllers\Users.php(21): CodeIgniter\Controller->validate(Array)
#9 C:\xampp\htdocs\mikaskada\vendor\codeigniter4\framework\system\CodeIgniter.php(825): App\Controllers\Users->insertdaftar()
#10 C:\xampp\htdocs\mikaskada\vendor\codeigniter4\framework\system\CodeIgniter.php(412): CodeIgniter\CodeIgniter->runController(Object(App\Controllers\Users))
#11 C:\xampp\htdocs\mikaskada\vendor\codeigniter4\framework\system\CodeIgniter.php(320): CodeIgniter\CodeIgniter->handleRequest(NULL, Object(Config\Cache), false)
#12 C:\xampp\htdocs\mikaskada\public\index.php(37): CodeIgniter\CodeIgniter->run()
#13 C:\xampp\htdocs\mikaskada\vendor\codeigniter4\framework\system\Commands\Server\rewrite.php(43): require_once('C:\\xampp\\htdocs...')
#14 {main}
ERROR - 2022-02-26 23:11:44 --> Table 'mikaskada.email' doesn't exist
CRITICAL - 2022-02-26 23:11:44 --> Table 'mikaskada.email' doesn't exist
#0 C:\xampp\htdocs\mikaskada\vendor\codeigniter4\framework\system\Database\MySQLi\Connection.php(292): mysqli->query('SELECT 1\nFROM `...', 0)
#1 C:\xampp\htdocs\mikaskada\vendor\codeigniter4\framework\system\Database\BaseConnection.php(670): CodeIgniter\Database\MySQLi\Connection->execute('SELECT 1\nFROM `...')
#2 C:\xampp\htdocs\mikaskada\vendor\codeigniter4\framework\system\Database\BaseConnection.php(598): CodeIgniter\Database\BaseConnection->simpleQuery('SELECT 1\nFROM `...')
#3 C:\xampp\htdocs\mikaskada\vendor\codeigniter4\framework\system\Database\BaseBuilder.php(1455): CodeIgniter\Database\BaseConnection->query('SELECT 1\nFROM `...', Array, false)
#4 C:\xampp\htdocs\mikaskada\vendor\codeigniter4\framework\system\Validation\Rules.php(142): CodeIgniter\Database\BaseBuilder->get()
#5 C:\xampp\htdocs\mikaskada\vendor\codeigniter4\framework\system\Validation\Validation.php(292): CodeIgniter\Validation\Rules->is_unique(NULL, 'email', Array, NULL)
#6 C:\xampp\htdocs\mikaskada\vendor\codeigniter4\framework\system\Validation\Validation.php(157): CodeIgniter\Validation\Validation->processRules('email', 'email', NULL, Array, Array)
#7 C:\xampp\htdocs\mikaskada\vendor\codeigniter4\framework\system\Controller.php(160): CodeIgniter\Validation\Validation->run()
#8 C:\xampp\htdocs\mikaskada\app\Controllers\Users.php(21): CodeIgniter\Controller->validate(Array)
#9 C:\xampp\htdocs\mikaskada\vendor\codeigniter4\framework\system\CodeIgniter.php(825): App\Controllers\Users->insertdaftar()
#10 C:\xampp\htdocs\mikaskada\vendor\codeigniter4\framework\system\CodeIgniter.php(412): CodeIgniter\CodeIgniter->runController(Object(App\Controllers\Users))
#11 C:\xampp\htdocs\mikaskada\vendor\codeigniter4\framework\system\CodeIgniter.php(320): CodeIgniter\CodeIgniter->handleRequest(NULL, Object(Config\Cache), false)
#12 C:\xampp\htdocs\mikaskada\public\index.php(37): CodeIgniter\CodeIgniter->run()
#13 C:\xampp\htdocs\mikaskada\vendor\codeigniter4\framework\system\Commands\Server\rewrite.php(43): require_once('C:\\xampp\\htdocs...')
#14 {main}
ERROR - 2022-02-26 23:13:51 --> Table 'mikaskada.email' doesn't exist
CRITICAL - 2022-02-26 23:13:51 --> Table 'mikaskada.email' doesn't exist
#0 C:\xampp\htdocs\mikaskada\vendor\codeigniter4\framework\system\Database\MySQLi\Connection.php(292): mysqli->query('SELECT 1\nFROM `...', 0)
#1 C:\xampp\htdocs\mikaskada\vendor\codeigniter4\framework\system\Database\BaseConnection.php(670): CodeIgniter\Database\MySQLi\Connection->execute('SELECT 1\nFROM `...')
#2 C:\xampp\htdocs\mikaskada\vendor\codeigniter4\framework\system\Database\BaseConnection.php(598): CodeIgniter\Database\BaseConnection->simpleQuery('SELECT 1\nFROM `...')
#3 C:\xampp\htdocs\mikaskada\vendor\codeigniter4\framework\system\Database\BaseBuilder.php(1455): CodeIgniter\Database\BaseConnection->query('SELECT 1\nFROM `...', Array, false)
#4 C:\xampp\htdocs\mikaskada\vendor\codeigniter4\framework\system\Validation\Rules.php(142): CodeIgniter\Database\BaseBuilder->get()
#5 C:\xampp\htdocs\mikaskada\vendor\codeigniter4\framework\system\Validation\Validation.php(292): CodeIgniter\Validation\Rules->is_unique(NULL, 'email', Array, NULL)
#6 C:\xampp\htdocs\mikaskada\vendor\codeigniter4\framework\system\Validation\Validation.php(157): CodeIgniter\Validation\Validation->processRules('email', 'email', NULL, Array, Array)
#7 C:\xampp\htdocs\mikaskada\vendor\codeigniter4\framework\system\Controller.php(160): CodeIgniter\Validation\Validation->run()
#8 C:\xampp\htdocs\mikaskada\app\Controllers\Users.php(21): CodeIgniter\Controller->validate(Array)
#9 C:\xampp\htdocs\mikaskada\vendor\codeigniter4\framework\system\CodeIgniter.php(825): App\Controllers\Users->insertdaftar()
#10 C:\xampp\htdocs\mikaskada\vendor\codeigniter4\framework\system\CodeIgniter.php(412): CodeIgniter\CodeIgniter->runController(Object(App\Controllers\Users))
#11 C:\xampp\htdocs\mikaskada\vendor\codeigniter4\framework\system\CodeIgniter.php(320): CodeIgniter\CodeIgniter->handleRequest(NULL, Object(Config\Cache), false)
#12 C:\xampp\htdocs\mikaskada\public\index.php(37): CodeIgniter\CodeIgniter->run()
#13 C:\xampp\htdocs\mikaskada\vendor\codeigniter4\framework\system\Commands\Server\rewrite.php(43): require_once('C:\\xampp\\htdocs...')
#14 {main}
ERROR - 2022-02-26 23:14:02 --> Table 'mikaskada.email' doesn't exist
CRITICAL - 2022-02-26 23:14:02 --> Table 'mikaskada.email' doesn't exist
#0 C:\xampp\htdocs\mikaskada\vendor\codeigniter4\framework\system\Database\MySQLi\Connection.php(292): mysqli->query('SELECT 1\nFROM `...', 0)
#1 C:\xampp\htdocs\mikaskada\vendor\codeigniter4\framework\system\Database\BaseConnection.php(670): CodeIgniter\Database\MySQLi\Connection->execute('SELECT 1\nFROM `...')
#2 C:\xampp\htdocs\mikaskada\vendor\codeigniter4\framework\system\Database\BaseConnection.php(598): CodeIgniter\Database\BaseConnection->simpleQuery('SELECT 1\nFROM `...')
#3 C:\xampp\htdocs\mikaskada\vendor\codeigniter4\framework\system\Database\BaseBuilder.php(1455): CodeIgniter\Database\BaseConnection->query('SELECT 1\nFROM `...', Array, false)
#4 C:\xampp\htdocs\mikaskada\vendor\codeigniter4\framework\system\Validation\Rules.php(142): CodeIgniter\Database\BaseBuilder->get()
#5 C:\xampp\htdocs\mikaskada\vendor\codeigniter4\framework\system\Validation\Validation.php(292): CodeIgniter\Validation\Rules->is_unique('', 'email', Array, NULL)
#6 C:\xampp\htdocs\mikaskada\vendor\codeigniter4\framework\system\Validation\Validation.php(157): CodeIgniter\Validation\Validation->processRules('email', 'email', '', Array, Array)
#7 C:\xampp\htdocs\mikaskada\vendor\codeigniter4\framework\system\Controller.php(160): CodeIgniter\Validation\Validation->run()
#8 C:\xampp\htdocs\mikaskada\app\Controllers\Users.php(21): CodeIgniter\Controller->validate(Array)
#9 C:\xampp\htdocs\mikaskada\vendor\codeigniter4\framework\system\CodeIgniter.php(825): App\Controllers\Users->insertdaftar()
#10 C:\xampp\htdocs\mikaskada\vendor\codeigniter4\framework\system\CodeIgniter.php(412): CodeIgniter\CodeIgniter->runController(Object(App\Controllers\Users))
#11 C:\xampp\htdocs\mikaskada\vendor\codeigniter4\framework\system\CodeIgniter.php(320): CodeIgniter\CodeIgniter->handleRequest(NULL, Object(Config\Cache), false)
#12 C:\xampp\htdocs\mikaskada\public\index.php(37): CodeIgniter\CodeIgniter->run()
#13 C:\xampp\htdocs\mikaskada\vendor\codeigniter4\framework\system\Commands\Server\rewrite.php(43): require_once('C:\\xampp\\htdocs...')
#14 {main}
CRITICAL - 2022-02-26 23:18:39 --> syntax error, unexpected ''email'' (T_CONSTANT_ENCAPSED_STRING), expecting ']'
#0 C:\xampp\htdocs\mikaskada\vendor\codeigniter4\framework\system\Router\Router.php(175): CodeIgniter\Router\Router->autoRoute('Users/daftar')
#1 C:\xampp\htdocs\mikaskada\vendor\codeigniter4\framework\system\CodeIgniter.php(719): CodeIgniter\Router\Router->handle('Users/daftar')
#2 C:\xampp\htdocs\mikaskada\vendor\codeigniter4\framework\system\CodeIgniter.php(361): CodeIgniter\CodeIgniter->tryToRouteIt(Object(CodeIgniter\Router\RouteCollection))
#3 C:\xampp\htdocs\mikaskada\vendor\codeigniter4\framework\system\CodeIgniter.php(320): CodeIgniter\CodeIgniter->handleRequest(NULL, Object(Config\Cache), false)
#4 C:\xampp\htdocs\mikaskada\public\index.php(37): CodeIgniter\CodeIgniter->run()
#5 C:\xampp\htdocs\mikaskada\vendor\codeigniter4\framework\system\Commands\Server\rewrite.php(43): require_once('C:\\xampp\\htdocs...')
#6 {main}
CRITICAL - 2022-02-26 23:18:48 --> syntax error, unexpected ''email'' (T_CONSTANT_ENCAPSED_STRING), expecting ']'
#0 C:\xampp\htdocs\mikaskada\vendor\codeigniter4\framework\system\Router\Router.php(175): CodeIgniter\Router\Router->autoRoute('Users/daftar')
#1 C:\xampp\htdocs\mikaskada\vendor\codeigniter4\framework\system\CodeIgniter.php(719): CodeIgniter\Router\Router->handle('Users/daftar')
#2 C:\xampp\htdocs\mikaskada\vendor\codeigniter4\framework\system\CodeIgniter.php(361): CodeIgniter\CodeIgniter->tryToRouteIt(Object(CodeIgniter\Router\RouteCollection))
#3 C:\xampp\htdocs\mikaskada\vendor\codeigniter4\framework\system\CodeIgniter.php(320): CodeIgniter\CodeIgniter->handleRequest(NULL, Object(Config\Cache), false)
#4 C:\xampp\htdocs\mikaskada\public\index.php(37): CodeIgniter\CodeIgniter->run()
#5 C:\xampp\htdocs\mikaskada\vendor\codeigniter4\framework\system\Commands\Server\rewrite.php(43): require_once('C:\\xampp\\htdocs...')
#6 {main}
ERROR - 2022-02-26 23:19:35 --> Table 'mikaskada.email' doesn't exist
CRITICAL - 2022-02-26 23:19:35 --> Table 'mikaskada.email' doesn't exist
#0 C:\xampp\htdocs\mikaskada\vendor\codeigniter4\framework\system\Database\MySQLi\Connection.php(292): mysqli->query('SELECT 1\nFROM `...', 0)
#1 C:\xampp\htdocs\mikaskada\vendor\codeigniter4\framework\system\Database\BaseConnection.php(670): CodeIgniter\Database\MySQLi\Connection->execute('SELECT 1\nFROM `...')
#2 C:\xampp\htdocs\mikaskada\vendor\codeigniter4\framework\system\Database\BaseConnection.php(598): CodeIgniter\Database\BaseConnection->simpleQuery('SELECT 1\nFROM `...')
#3 C:\xampp\htdocs\mikaskada\vendor\codeigniter4\framework\system\Database\BaseBuilder.php(1455): CodeIgniter\Database\BaseConnection->query('SELECT 1\nFROM `...', Array, false)
#4 C:\xampp\htdocs\mikaskada\vendor\codeigniter4\framework\system\Validation\Rules.php(142): CodeIgniter\Database\BaseBuilder->get()
#5 C:\xampp\htdocs\mikaskada\vendor\codeigniter4\framework\system\Validation\Validation.php(292): CodeIgniter\Validation\Rules->is_unique('', 'email', Array, NULL)
#6 C:\xampp\htdocs\mikaskada\vendor\codeigniter4\framework\system\Validation\Validation.php(157): CodeIgniter\Validation\Validation->processRules('email', 'email', '', Array, Array)
#7 C:\xampp\htdocs\mikaskada\vendor\codeigniter4\framework\system\Controller.php(160): CodeIgniter\Validation\Validation->run()
#8 C:\xampp\htdocs\mikaskada\app\Controllers\Users.php(23): CodeIgniter\Controller->validate(Array)
#9 C:\xampp\htdocs\mikaskada\vendor\codeigniter4\framework\system\CodeIgniter.php(825): App\Controllers\Users->insertdaftar()
#10 C:\xampp\htdocs\mikaskada\vendor\codeigniter4\framework\system\CodeIgniter.php(412): CodeIgniter\CodeIgniter->runController(Object(App\Controllers\Users))
#11 C:\xampp\htdocs\mikaskada\vendor\codeigniter4\framework\system\CodeIgniter.php(320): CodeIgniter\CodeIgniter->handleRequest(NULL, Object(Config\Cache), false)
#12 C:\xampp\htdocs\mikaskada\public\index.php(37): CodeIgniter\CodeIgniter->run()
#13 C:\xampp\htdocs\mikaskada\vendor\codeigniter4\framework\system\Commands\Server\rewrite.php(43): require_once('C:\\xampp\\htdocs...')
#14 {main}
ERROR - 2022-02-26 23:19:56 --> Table 'mikaskada.email' doesn't exist
CRITICAL - 2022-02-26 23:19:56 --> Table 'mikaskada.email' doesn't exist
#0 C:\xampp\htdocs\mikaskada\vendor\codeigniter4\framework\system\Database\MySQLi\Connection.php(292): mysqli->query('SELECT 1\nFROM `...', 0)
#1 C:\xampp\htdocs\mikaskada\vendor\codeigniter4\framework\system\Database\BaseConnection.php(670): CodeIgniter\Database\MySQLi\Connection->execute('SELECT 1\nFROM `...')
#2 C:\xampp\htdocs\mikaskada\vendor\codeigniter4\framework\system\Database\BaseConnection.php(598): CodeIgniter\Database\BaseConnection->simpleQuery('SELECT 1\nFROM `...')
#3 C:\xampp\htdocs\mikaskada\vendor\codeigniter4\framework\system\Database\BaseBuilder.php(1455): CodeIgniter\Database\BaseConnection->query('SELECT 1\nFROM `...', Array, false)
#4 C:\xampp\htdocs\mikaskada\vendor\codeigniter4\framework\system\Validation\Rules.php(142): CodeIgniter\Database\BaseBuilder->get()
#5 C:\xampp\htdocs\mikaskada\vendor\codeigniter4\framework\system\Validation\Validation.php(292): CodeIgniter\Validation\Rules->is_unique(NULL, 'email', Array, NULL)
#6 C:\xampp\htdocs\mikaskada\vendor\codeigniter4\framework\system\Validation\Validation.php(157): CodeIgniter\Validation\Validation->processRules('email', 'email', NULL, Array, Array)
#7 C:\xampp\htdocs\mikaskada\vendor\codeigniter4\framework\system\Controller.php(160): CodeIgniter\Validation\Validation->run()
#8 C:\xampp\htdocs\mikaskada\app\Controllers\Users.php(23): CodeIgniter\Controller->validate(Array)
#9 C:\xampp\htdocs\mikaskada\vendor\codeigniter4\framework\system\CodeIgniter.php(825): App\Controllers\Users->insertdaftar()
#10 C:\xampp\htdocs\mikaskada\vendor\codeigniter4\framework\system\CodeIgniter.php(412): CodeIgniter\CodeIgniter->runController(Object(App\Controllers\Users))
#11 C:\xampp\htdocs\mikaskada\vendor\codeigniter4\framework\system\CodeIgniter.php(320): CodeIgniter\CodeIgniter->handleRequest(NULL, Object(Config\Cache), false)
#12 C:\xampp\htdocs\mikaskada\public\index.php(37): CodeIgniter\CodeIgniter->run()
#13 C:\xampp\htdocs\mikaskada\vendor\codeigniter4\framework\system\Commands\Server\rewrite.php(43): require_once('C:\\xampp\\htdocs...')
#14 {main}
ERROR - 2022-02-26 23:22:18 --> Table 'mikaskada.nama_pengguna' doesn't exist
CRITICAL - 2022-02-26 23:22:18 --> Table 'mikaskada.nama_pengguna' doesn't exist
#0 C:\xampp\htdocs\mikaskada\vendor\codeigniter4\framework\system\Database\MySQLi\Connection.php(292): mysqli->query('SELECT 1\nFROM `...', 0)
#1 C:\xampp\htdocs\mikaskada\vendor\codeigniter4\framework\system\Database\BaseConnection.php(670): CodeIgniter\Database\MySQLi\Connection->execute('SELECT 1\nFROM `...')
#2 C:\xampp\htdocs\mikaskada\vendor\codeigniter4\framework\system\Database\BaseConnection.php(598): CodeIgniter\Database\BaseConnection->simpleQuery('SELECT 1\nFROM `...')
#3 C:\xampp\htdocs\mikaskada\vendor\codeigniter4\framework\system\Database\BaseBuilder.php(1455): CodeIgniter\Database\BaseConnection->query('SELECT 1\nFROM `...', Array, false)
#4 C:\xampp\htdocs\mikaskada\vendor\codeigniter4\framework\system\Validation\Rules.php(142): CodeIgniter\Database\BaseBuilder->get()
#5 C:\xampp\htdocs\mikaskada\vendor\codeigniter4\framework\system\Validation\Validation.php(292): CodeIgniter\Validation\Rules->is_unique(NULL, 'nama_pengguna', Array, NULL)
#6 C:\xampp\htdocs\mikaskada\vendor\codeigniter4\framework\system\Validation\Validation.php(157): CodeIgniter\Validation\Validation->processRules('nama_pengguna', 'nama_pengguna', NULL, Array, Array)
#7 C:\xampp\htdocs\mikaskada\vendor\codeigniter4\framework\system\Controller.php(160): CodeIgniter\Validation\Validation->run()
#8 C:\xampp\htdocs\mikaskada\app\Controllers\Users.php(23): CodeIgniter\Controller->validate(Array)
#9 C:\xampp\htdocs\mikaskada\vendor\codeigniter4\framework\system\CodeIgniter.php(825): App\Controllers\Users->insertdaftar()
#10 C:\xampp\htdocs\mikaskada\vendor\codeigniter4\framework\system\CodeIgniter.php(412): CodeIgniter\CodeIgniter->runController(Object(App\Controllers\Users))
#11 C:\xampp\htdocs\mikaskada\vendor\codeigniter4\framework\system\CodeIgniter.php(320): CodeIgniter\CodeIgniter->handleRequest(NULL, Object(Config\Cache), false)
#12 C:\xampp\htdocs\mikaskada\public\index.php(37): CodeIgniter\CodeIgniter->run()
#13 C:\xampp\htdocs\mikaskada\vendor\codeigniter4\framework\system\Commands\Server\rewrite.php(43): require_once('C:\\xampp\\htdocs...')
#14 {main}
ERROR - 2022-02-26 23:22:30 --> Table 'mikaskada.nama_pengguna' doesn't exist
CRITICAL - 2022-02-26 23:22:30 --> Table 'mikaskada.nama_pengguna' doesn't exist
#0 C:\xampp\htdocs\mikaskada\vendor\codeigniter4\framework\system\Database\MySQLi\Connection.php(292): mysqli->query('SELECT 1\nFROM `...', 0)
#1 C:\xampp\htdocs\mikaskada\vendor\codeigniter4\framework\system\Database\BaseConnection.php(670): CodeIgniter\Database\MySQLi\Connection->execute('SELECT 1\nFROM `...')
#2 C:\xampp\htdocs\mikaskada\vendor\codeigniter4\framework\system\Database\BaseConnection.php(598): CodeIgniter\Database\BaseConnection->simpleQuery('SELECT 1\nFROM `...')
#3 C:\xampp\htdocs\mikaskada\vendor\codeigniter4\framework\system\Database\BaseBuilder.php(1455): CodeIgniter\Database\BaseConnection->query('SELECT 1\nFROM `...', Array, false)
#4 C:\xampp\htdocs\mikaskada\vendor\codeigniter4\framework\system\Validation\Rules.php(142): CodeIgniter\Database\BaseBuilder->get()
#5 C:\xampp\htdocs\mikaskada\vendor\codeigniter4\framework\system\Validation\Validation.php(292): CodeIgniter\Validation\Rules->is_unique(NULL, 'nama_pengguna', Array, NULL)
#6 C:\xampp\htdocs\mikaskada\vendor\codeigniter4\framework\system\Validation\Validation.php(157): CodeIgniter\Validation\Validation->processRules('nama_pengguna', 'nama_pengguna', NULL, Array, Array)
#7 C:\xampp\htdocs\mikaskada\vendor\codeigniter4\framework\system\Controller.php(160): CodeIgniter\Validation\Validation->run()
#8 C:\xampp\htdocs\mikaskada\app\Controllers\Users.php(23): CodeIgniter\Controller->validate(Array)
#9 C:\xampp\htdocs\mikaskada\vendor\codeigniter4\framework\system\CodeIgniter.php(825): App\Controllers\Users->insertdaftar()
#10 C:\xampp\htdocs\mikaskada\vendor\codeigniter4\framework\system\CodeIgniter.php(412): CodeIgniter\CodeIgniter->runController(Object(App\Controllers\Users))
#11 C:\xampp\htdocs\mikaskada\vendor\codeigniter4\framework\system\CodeIgniter.php(320): CodeIgniter\CodeIgniter->handleRequest(NULL, Object(Config\Cache), false)
#12 C:\xampp\htdocs\mikaskada\public\index.php(37): CodeIgniter\CodeIgniter->run()
#13 C:\xampp\htdocs\mikaskada\vendor\codeigniter4\framework\system\Commands\Server\rewrite.php(43): require_once('C:\\xampp\\htdocs...')
#14 {main}
CRITICAL - 2022-02-26 23:23:43 -->  is not a valid rule.
#0 C:\xampp\htdocs\mikaskada\vendor\codeigniter4\framework\system\Validation\Validation.php(300): CodeIgniter\Validation\Exceptions\ValidationException::forRuleNotFound('')
#1 C:\xampp\htdocs\mikaskada\vendor\codeigniter4\framework\system\Validation\Validation.php(157): CodeIgniter\Validation\Validation->processRules('nama_pengguna', 'nama_pengguna', NULL, Array, Array)
#2 C:\xampp\htdocs\mikaskada\vendor\codeigniter4\framework\system\Controller.php(160): CodeIgniter\Validation\Validation->run()
#3 C:\xampp\htdocs\mikaskada\app\Controllers\Users.php(23): CodeIgniter\Controller->validate(Array)
#4 C:\xampp\htdocs\mikaskada\vendor\codeigniter4\framework\system\CodeIgniter.php(825): App\Controllers\Users->insertdaftar()
#5 C:\xampp\htdocs\mikaskada\vendor\codeigniter4\framework\system\CodeIgniter.php(412): CodeIgniter\CodeIgniter->runController(Object(App\Controllers\Users))
#6 C:\xampp\htdocs\mikaskada\vendor\codeigniter4\framework\system\CodeIgniter.php(320): CodeIgniter\CodeIgniter->handleRequest(NULL, Object(Config\Cache), false)
#7 C:\xampp\htdocs\mikaskada\public\index.php(37): CodeIgniter\CodeIgniter->run()
#8 C:\xampp\htdocs\mikaskada\vendor\codeigniter4\framework\system\Commands\Server\rewrite.php(43): require_once('C:\\xampp\\htdocs...')
#9 {main}
ERROR - 2022-02-26 23:26:07 --> Table 'mikaskada.nama_pengguna' doesn't exist
CRITICAL - 2022-02-26 23:26:07 --> Table 'mikaskada.nama_pengguna' doesn't exist
#0 C:\xampp\htdocs\mikaskada\vendor\codeigniter4\framework\system\Database\MySQLi\Connection.php(292): mysqli->query('SELECT 1\nFROM `...', 0)
#1 C:\xampp\htdocs\mikaskada\vendor\codeigniter4\framework\system\Database\BaseConnection.php(670): CodeIgniter\Database\MySQLi\Connection->execute('SELECT 1\nFROM `...')
#2 C:\xampp\htdocs\mikaskada\vendor\codeigniter4\framework\system\Database\BaseConnection.php(598): CodeIgniter\Database\BaseConnection->simpleQuery('SELECT 1\nFROM `...')
#3 C:\xampp\htdocs\mikaskada\vendor\codeigniter4\framework\system\Database\BaseBuilder.php(1455): CodeIgniter\Database\BaseConnection->query('SELECT 1\nFROM `...', Array, false)
#4 C:\xampp\htdocs\mikaskada\vendor\codeigniter4\framework\system\Validation\Rules.php(142): CodeIgniter\Database\BaseBuilder->get()
#5 C:\xampp\htdocs\mikaskada\vendor\codeigniter4\framework\system\Validation\Validation.php(292): CodeIgniter\Validation\Rules->is_unique('', 'nama_pengguna', Array, NULL)
#6 C:\xampp\htdocs\mikaskada\vendor\codeigniter4\framework\system\Validation\Validation.php(157): CodeIgniter\Validation\Validation->processRules('nama_pengguna', 'nama_pengguna', '', Array, Array)
#7 C:\xampp\htdocs\mikaskada\vendor\codeigniter4\framework\system\Controller.php(160): CodeIgniter\Validation\Validation->run()
#8 C:\xampp\htdocs\mikaskada\app\Controllers\Users.php(21): CodeIgniter\Controller->validate(Array)
#9 C:\xampp\htdocs\mikaskada\vendor\codeigniter4\framework\system\CodeIgniter.php(825): App\Controllers\Users->insertdaftar()
#10 C:\xampp\htdocs\mikaskada\vendor\codeigniter4\framework\system\CodeIgniter.php(412): CodeIgniter\CodeIgniter->runController(Object(App\Controllers\Users))
#11 C:\xampp\htdocs\mikaskada\vendor\codeigniter4\framework\system\CodeIgniter.php(320): CodeIgniter\CodeIgniter->handleRequest(NULL, Object(Config\Cache), false)
#12 C:\xampp\htdocs\mikaskada\public\index.php(37): CodeIgniter\CodeIgniter->run()
#13 C:\xampp\htdocs\mikaskada\vendor\codeigniter4\framework\system\Commands\Server\rewrite.php(43): require_once('C:\\xampp\\htdocs...')
#14 {main}
ERROR - 2022-02-26 23:26:24 --> Table 'mikaskada.nama_pengguna' doesn't exist
CRITICAL - 2022-02-26 23:26:24 --> Table 'mikaskada.nama_pengguna' doesn't exist
#0 C:\xampp\htdocs\mikaskada\vendor\codeigniter4\framework\system\Database\MySQLi\Connection.php(292): mysqli->query('SELECT 1\nFROM `...', 0)
#1 C:\xampp\htdocs\mikaskada\vendor\codeigniter4\framework\system\Database\BaseConnection.php(670): CodeIgniter\Database\MySQLi\Connection->execute('SELECT 1\nFROM `...')
#2 C:\xampp\htdocs\mikaskada\vendor\codeigniter4\framework\system\Database\BaseConnection.php(598): CodeIgniter\Database\BaseConnection->simpleQuery('SELECT 1\nFROM `...')
#3 C:\xampp\htdocs\mikaskada\vendor\codeigniter4\framework\system\Database\BaseBuilder.php(1455): CodeIgniter\Database\BaseConnection->query('SELECT 1\nFROM `...', Array, false)
#4 C:\xampp\htdocs\mikaskada\vendor\codeigniter4\framework\system\Validation\Rules.php(142): CodeIgniter\Database\BaseBuilder->get()
#5 C:\xampp\htdocs\mikaskada\vendor\codeigniter4\framework\system\Validation\Validation.php(292): CodeIgniter\Validation\Rules->is_unique(NULL, 'nama_pengguna', Array, NULL)
#6 C:\xampp\htdocs\mikaskada\vendor\codeigniter4\framework\system\Validation\Validation.php(157): CodeIgniter\Validation\Validation->processRules('nama_pengguna', 'nama_pengguna', NULL, Array, Array)
#7 C:\xampp\htdocs\mikaskada\vendor\codeigniter4\framework\system\Controller.php(160): CodeIgniter\Validation\Validation->run()
#8 C:\xampp\htdocs\mikaskada\app\Controllers\Users.php(21): CodeIgniter\Controller->validate(Array)
#9 C:\xampp\htdocs\mikaskada\vendor\codeigniter4\framework\system\CodeIgniter.php(825): App\Controllers\Users->insertdaftar()
#10 C:\xampp\htdocs\mikaskada\vendor\codeigniter4\framework\system\CodeIgniter.php(412): CodeIgniter\CodeIgniter->runController(Object(App\Controllers\Users))
#11 C:\xampp\htdocs\mikaskada\vendor\codeigniter4\framework\system\CodeIgniter.php(320): CodeIgniter\CodeIgniter->handleRequest(NULL, Object(Config\Cache), false)
#12 C:\xampp\htdocs\mikaskada\public\index.php(37): CodeIgniter\CodeIgniter->run()
#13 C:\xampp\htdocs\mikaskada\vendor\codeigniter4\framework\system\Commands\Server\rewrite.php(43): require_once('C:\\xampp\\htdocs...')
#14 {main}
ERROR - 2022-02-26 23:37:33 --> Table 'mikaskada.email' doesn't exist
CRITICAL - 2022-02-26 23:37:33 --> Table 'mikaskada.email' doesn't exist
#0 C:\xampp\htdocs\mikaskada\vendor\codeigniter4\framework\system\Database\MySQLi\Connection.php(292): mysqli->query('SELECT 1\nFROM `...', 0)
#1 C:\xampp\htdocs\mikaskada\vendor\codeigniter4\framework\system\Database\BaseConnection.php(670): CodeIgniter\Database\MySQLi\Connection->execute('SELECT 1\nFROM `...')
#2 C:\xampp\htdocs\mikaskada\vendor\codeigniter4\framework\system\Database\BaseConnection.php(598): CodeIgniter\Database\BaseConnection->simpleQuery('SELECT 1\nFROM `...')
#3 C:\xampp\htdocs\mikaskada\vendor\codeigniter4\framework\system\Database\BaseBuilder.php(1455): CodeIgniter\Database\BaseConnection->query('SELECT 1\nFROM `...', Array, false)
#4 C:\xampp\htdocs\mikaskada\vendor\codeigniter4\framework\system\Validation\Rules.php(142): CodeIgniter\Database\BaseBuilder->get()
#5 C:\xampp\htdocs\mikaskada\vendor\codeigniter4\framework\system\Validation\Validation.php(292): CodeIgniter\Validation\Rules->is_unique('', 'email', Array, NULL)
#6 C:\xampp\htdocs\mikaskada\vendor\codeigniter4\framework\system\Validation\Validation.php(157): CodeIgniter\Validation\Validation->processRules('email', 'email', '', Array, Array)
#7 C:\xampp\htdocs\mikaskada\vendor\codeigniter4\framework\system\Controller.php(160): CodeIgniter\Validation\Validation->run()
#8 C:\xampp\htdocs\mikaskada\app\Controllers\Users.php(21): CodeIgniter\Controller->validate(Array)
#9 C:\xampp\htdocs\mikaskada\vendor\codeigniter4\framework\system\CodeIgniter.php(825): App\Controllers\Users->insertdaftar()
#10 C:\xampp\htdocs\mikaskada\vendor\codeigniter4\framework\system\CodeIgniter.php(412): CodeIgniter\CodeIgniter->runController(Object(App\Controllers\Users))
#11 C:\xampp\htdocs\mikaskada\vendor\codeigniter4\framework\system\CodeIgniter.php(320): CodeIgniter\CodeIgniter->handleRequest(NULL, Object(Config\Cache), false)
#12 C:\xampp\htdocs\mikaskada\public\index.php(37): CodeIgniter\CodeIgniter->run()
#13 C:\xampp\htdocs\mikaskada\vendor\codeigniter4\framework\system\Commands\Server\rewrite.php(43): require_once('C:\\xampp\\htdocs...')
#14 {main}
ERROR - 2022-02-26 23:37:58 --> Table 'mikaskada.email' doesn't exist
CRITICAL - 2022-02-26 23:37:58 --> Table 'mikaskada.email' doesn't exist
#0 C:\xampp\htdocs\mikaskada\vendor\codeigniter4\framework\system\Database\MySQLi\Connection.php(292): mysqli->query('SELECT 1\nFROM `...', 0)
#1 C:\xampp\htdocs\mikaskada\vendor\codeigniter4\framework\system\Database\BaseConnection.php(670): CodeIgniter\Database\MySQLi\Connection->execute('SELECT 1\nFROM `...')
#2 C:\xampp\htdocs\mikaskada\vendor\codeigniter4\framework\system\Database\BaseConnection.php(598): CodeIgniter\Database\BaseConnection->simpleQuery('SELECT 1\nFROM `...')
#3 C:\xampp\htdocs\mikaskada\vendor\codeigniter4\framework\system\Database\BaseBuilder.php(1455): CodeIgniter\Database\BaseConnection->query('SELECT 1\nFROM `...', Array, false)
#4 C:\xampp\htdocs\mikaskada\vendor\codeigniter4\framework\system\Validation\Rules.php(142): CodeIgniter\Database\BaseBuilder->get()
#5 C:\xampp\htdocs\mikaskada\vendor\codeigniter4\framework\system\Validation\Validation.php(292): CodeIgniter\Validation\Rules->is_unique('', 'email', Array, NULL)
#6 C:\xampp\htdocs\mikaskada\vendor\codeigniter4\framework\system\Validation\Validation.php(157): CodeIgniter\Validation\Validation->processRules('email', 'email', '', Array, Array)
#7 C:\xampp\htdocs\mikaskada\vendor\codeigniter4\framework\system\Controller.php(160): CodeIgniter\Validation\Validation->run()
#8 C:\xampp\htdocs\mikaskada\app\Controllers\Users.php(21): CodeIgniter\Controller->validate(Array)
#9 C:\xampp\htdocs\mikaskada\vendor\codeigniter4\framework\system\CodeIgniter.php(825): App\Controllers\Users->insertdaftar()
#10 C:\xampp\htdocs\mikaskada\vendor\codeigniter4\framework\system\CodeIgniter.php(412): CodeIgniter\CodeIgniter->runController(Object(App\Controllers\Users))
#11 C:\xampp\htdocs\mikaskada\vendor\codeigniter4\framework\system\CodeIgniter.php(320): CodeIgniter\CodeIgniter->handleRequest(NULL, Object(Config\Cache), false)
#12 C:\xampp\htdocs\mikaskada\public\index.php(37): CodeIgniter\CodeIgniter->run()
#13 C:\xampp\htdocs\mikaskada\vendor\codeigniter4\framework\system\Commands\Server\rewrite.php(43): require_once('C:\\xampp\\htdocs...')
#14 {main}
ERROR - 2022-02-26 23:42:24 --> Table 'mikaskada.email' doesn't exist
CRITICAL - 2022-02-26 23:42:24 --> Table 'mikaskada.email' doesn't exist
#0 C:\xampp\htdocs\mikaskada\vendor\codeigniter4\framework\system\Database\MySQLi\Connection.php(292): mysqli->query('SELECT 1\nFROM `...', 0)
#1 C:\xampp\htdocs\mikaskada\vendor\codeigniter4\framework\system\Database\BaseConnection.php(670): CodeIgniter\Database\MySQLi\Connection->execute('SELECT 1\nFROM `...')
#2 C:\xampp\htdocs\mikaskada\vendor\codeigniter4\framework\system\Database\BaseConnection.php(598): CodeIgniter\Database\BaseConnection->simpleQuery('SELECT 1\nFROM `...')
#3 C:\xampp\htdocs\mikaskada\vendor\codeigniter4\framework\system\Database\BaseBuilder.php(1455): CodeIgniter\Database\BaseConnection->query('SELECT 1\nFROM `...', Array, false)
#4 C:\xampp\htdocs\mikaskada\vendor\codeigniter4\framework\system\Validation\Rules.php(142): CodeIgniter\Database\BaseBuilder->get()
#5 C:\xampp\htdocs\mikaskada\vendor\codeigniter4\framework\system\Validation\Validation.php(292): CodeIgniter\Validation\Rules->is_unique('', 'email', Array, NULL)
#6 C:\xampp\htdocs\mikaskada\vendor\codeigniter4\framework\system\Validation\Validation.php(157): CodeIgniter\Validation\Validation->processRules('email', 'email', '', Array, Array)
#7 C:\xampp\htdocs\mikaskada\vendor\codeigniter4\framework\system\Controller.php(160): CodeIgniter\Validation\Validation->run()
#8 C:\xampp\htdocs\mikaskada\app\Controllers\Users.php(21): CodeIgniter\Controller->validate(Array)
#9 C:\xampp\htdocs\mikaskada\vendor\codeigniter4\framework\system\CodeIgniter.php(825): App\Controllers\Users->insertdaftar()
#10 C:\xampp\htdocs\mikaskada\vendor\codeigniter4\framework\system\CodeIgniter.php(412): CodeIgniter\CodeIgniter->runController(Object(App\Controllers\Users))
#11 C:\xampp\htdocs\mikaskada\vendor\codeigniter4\framework\system\CodeIgniter.php(320): CodeIgniter\CodeIgniter->handleRequest(NULL, Object(Config\Cache), false)
#12 C:\xampp\htdocs\mikaskada\public\index.php(37): CodeIgniter\CodeIgniter->run()
#13 C:\xampp\htdocs\mikaskada\vendor\codeigniter4\framework\system\Commands\Server\rewrite.php(43): require_once('C:\\xampp\\htdocs...')
#14 {main}
ERROR - 2022-02-26 23:43:19 --> Table 'mikaskada.email' doesn't exist
CRITICAL - 2022-02-26 23:43:19 --> Table 'mikaskada.email' doesn't exist
#0 C:\xampp\htdocs\mikaskada\vendor\codeigniter4\framework\system\Database\MySQLi\Connection.php(292): mysqli->query('SELECT 1\nFROM `...', 0)
#1 C:\xampp\htdocs\mikaskada\vendor\codeigniter4\framework\system\Database\BaseConnection.php(670): CodeIgniter\Database\MySQLi\Connection->execute('SELECT 1\nFROM `...')
#2 C:\xampp\htdocs\mikaskada\vendor\codeigniter4\framework\system\Database\BaseConnection.php(598): CodeIgniter\Database\BaseConnection->simpleQuery('SELECT 1\nFROM `...')
#3 C:\xampp\htdocs\mikaskada\vendor\codeigniter4\framework\system\Database\BaseBuilder.php(1455): CodeIgniter\Database\BaseConnection->query('SELECT 1\nFROM `...', Array, false)
#4 C:\xampp\htdocs\mikaskada\vendor\codeigniter4\framework\system\Validation\Rules.php(142): CodeIgniter\Database\BaseBuilder->get()
#5 C:\xampp\htdocs\mikaskada\vendor\codeigniter4\framework\system\Validation\Validation.php(292): CodeIgniter\Validation\Rules->is_unique('', 'email', Array, NULL)
#6 C:\xampp\htdocs\mikaskada\vendor\codeigniter4\framework\system\Validation\Validation.php(157): CodeIgniter\Validation\Validation->processRules('email', 'email', '', Array, Array)
#7 C:\xampp\htdocs\mikaskada\vendor\codeigniter4\framework\system\Controller.php(160): CodeIgniter\Validation\Validation->run()
#8 C:\xampp\htdocs\mikaskada\app\Controllers\Users.php(21): CodeIgniter\Controller->validate(Array)
#9 C:\xampp\htdocs\mikaskada\vendor\codeigniter4\framework\system\CodeIgniter.php(825): App\Controllers\Users->insertdaftar()
#10 C:\xampp\htdocs\mikaskada\vendor\codeigniter4\framework\system\CodeIgniter.php(412): CodeIgniter\CodeIgniter->runController(Object(App\Controllers\Users))
#11 C:\xampp\htdocs\mikaskada\vendor\codeigniter4\framework\system\CodeIgniter.php(320): CodeIgniter\CodeIgniter->handleRequest(NULL, Object(Config\Cache), false)
#12 C:\xampp\htdocs\mikaskada\public\index.php(37): CodeIgniter\CodeIgniter->run()
#13 C:\xampp\htdocs\mikaskada\vendor\codeigniter4\framework\system\Commands\Server\rewrite.php(43): require_once('C:\\xampp\\htdocs...')
#14 {main}
ERROR - 2022-02-26 23:43:42 --> Table 'mikaskada.email' doesn't exist
CRITICAL - 2022-02-26 23:43:42 --> Table 'mikaskada.email' doesn't exist
#0 C:\xampp\htdocs\mikaskada\vendor\codeigniter4\framework\system\Database\MySQLi\Connection.php(292): mysqli->query('SELECT 1\nFROM `...', 0)
#1 C:\xampp\htdocs\mikaskada\vendor\codeigniter4\framework\system\Database\BaseConnection.php(670): CodeIgniter\Database\MySQLi\Connection->execute('SELECT 1\nFROM `...')
#2 C:\xampp\htdocs\mikaskada\vendor\codeigniter4\framework\system\Database\BaseConnection.php(598): CodeIgniter\Database\BaseConnection->simpleQuery('SELECT 1\nFROM `...')
#3 C:\xampp\htdocs\mikaskada\vendor\codeigniter4\framework\system\Database\BaseBuilder.php(1455): CodeIgniter\Database\BaseConnection->query('SELECT 1\nFROM `...', Array, false)
#4 C:\xampp\htdocs\mikaskada\vendor\codeigniter4\framework\system\Validation\Rules.php(142): CodeIgniter\Database\BaseBuilder->get()
#5 C:\xampp\htdocs\mikaskada\vendor\codeigniter4\framework\system\Validation\Validation.php(292): CodeIgniter\Validation\Rules->is_unique('', 'email', Array, NULL)
#6 C:\xampp\htdocs\mikaskada\vendor\codeigniter4\framework\system\Validation\Validation.php(157): CodeIgniter\Validation\Validation->processRules('email', 'email', '', Array, Array)
#7 C:\xampp\htdocs\mikaskada\vendor\codeigniter4\framework\system\Controller.php(160): CodeIgniter\Validation\Validation->run()
#8 C:\xampp\htdocs\mikaskada\app\Controllers\Users.php(21): CodeIgniter\Controller->validate(Array)
#9 C:\xampp\htdocs\mikaskada\vendor\codeigniter4\framework\system\CodeIgniter.php(825): App\Controllers\Users->insertdaftar()
#10 C:\xampp\htdocs\mikaskada\vendor\codeigniter4\framework\system\CodeIgniter.php(412): CodeIgniter\CodeIgniter->runController(Object(App\Controllers\Users))
#11 C:\xampp\htdocs\mikaskada\vendor\codeigniter4\framework\system\CodeIgniter.php(320): CodeIgniter\CodeIgniter->handleRequest(NULL, Object(Config\Cache), false)
#12 C:\xampp\htdocs\mikaskada\public\index.php(37): CodeIgniter\CodeIgniter->run()
#13 C:\xampp\htdocs\mikaskada\vendor\codeigniter4\framework\system\Commands\Server\rewrite.php(43): require_once('C:\\xampp\\htdocs...')
#14 {main}
